<?xml version="1.0" encoding="UTF-8"?>
<coverage generated="1518391358">
  <project timestamp="1518391358">
    <package name="Genusshaus\App\Console\Commands">
      <file name="/Users/sebastian/Development/tasty/app/App/Console/Commands/SampleData.php">
        <class name="Genusshaus\App\Console\Commands\SampleData" namespace="Genusshaus\App\Console\Commands">
          <metrics complexity="2" methods="2" coveredmethods="1" conditionals="0" coveredconditionals="0" statements="7" coveredstatements="2" elements="9" coveredelements="3"/>
        </class>
        <line num="28" type="method" name="__construct" visibility="public" complexity="1" crap="1" count="55"/>
        <line num="30" type="stmt" count="55"/>
        <line num="31" type="stmt" count="55"/>
        <line num="38" type="method" name="handle" visibility="public" complexity="1" crap="2.00" count="0"/>
        <line num="40" type="stmt" count="0"/>
        <line num="42" type="stmt" count="0"/>
        <line num="44" type="stmt" count="0"/>
        <line num="46" type="stmt" count="0"/>
        <line num="47" type="stmt" count="0"/>
        <metrics loc="48" ncloc="28" classes="1" methods="2" coveredmethods="1" conditionals="0" coveredconditionals="0" statements="7" coveredstatements="2" elements="9" coveredelements="3"/>
      </file>
    </package>
    <package name="Genusshaus\App\Console">
      <file name="/Users/sebastian/Development/tasty/app/App/Console/Kernel.php">
        <class name="Genusshaus\App\Console\Kernel" namespace="Genusshaus\App\Console">
          <metrics complexity="2" methods="2" coveredmethods="2" conditionals="0" coveredconditionals="0" statements="5" coveredstatements="5" elements="7" coveredelements="7"/>
        </class>
        <line num="26" type="method" name="schedule" visibility="protected" complexity="1" crap="1" count="55"/>
        <line num="28" type="stmt" count="55"/>
        <line num="29" type="stmt" count="55"/>
        <line num="36" type="method" name="commands" visibility="protected" complexity="1" crap="1" count="55"/>
        <line num="38" type="stmt" count="55"/>
        <line num="39" type="stmt" count="55"/>
        <line num="40" type="stmt" count="55"/>
        <metrics loc="41" ncloc="24" classes="1" methods="2" coveredmethods="2" conditionals="0" coveredconditionals="0" statements="5" coveredstatements="5" elements="7" coveredelements="7"/>
      </file>
    </package>
    <package name="Genusshaus\App\Controllers">
      <file name="/Users/sebastian/Development/tasty/app/App/Controllers/Controller.php">
        <class name="Genusshaus\App\Controllers\Controller" namespace="Genusshaus\App\Controllers">
          <metrics complexity="0" methods="0" coveredmethods="0" conditionals="0" coveredconditionals="0" statements="0" coveredstatements="0" elements="0" coveredelements="0"/>
        </class>
        <metrics loc="13" ncloc="13" classes="0" methods="0" coveredmethods="0" conditionals="0" coveredconditionals="0" statements="0" coveredstatements="0" elements="0" coveredelements="0"/>
      </file>
    </package>
    <package name="Genusshaus\App\Exceptions">
      <file name="/Users/sebastian/Development/tasty/app/App/Exceptions/Handler.php">
        <class name="Genusshaus\App\Exceptions\Handler" namespace="Genusshaus\App\Exceptions">
          <metrics complexity="2" methods="2" coveredmethods="2" conditionals="0" coveredconditionals="0" statements="3" coveredstatements="3" elements="5" coveredelements="5"/>
        </class>
        <line num="38" type="method" name="report" visibility="public" complexity="1" crap="1" count="13"/>
        <line num="40" type="stmt" count="13"/>
        <line num="41" type="stmt" count="13"/>
        <line num="51" type="method" name="render" visibility="public" complexity="1" crap="1" count="13"/>
        <line num="53" type="stmt" count="13"/>
        <metrics loc="55" ncloc="26" classes="1" methods="2" coveredmethods="2" conditionals="0" coveredconditionals="0" statements="3" coveredstatements="3" elements="5" coveredelements="5"/>
      </file>
    </package>
    <package name="Genusshaus\App\Providers">
      <file name="/Users/sebastian/Development/tasty/app/App/Providers/AppServiceProvider.php">
        <class name="Genusshaus\App\Providers\AppServiceProvider" namespace="Genusshaus\App\Providers">
          <metrics complexity="2" methods="2" coveredmethods="2" conditionals="0" coveredconditionals="0" statements="2" coveredstatements="2" elements="4" coveredelements="4"/>
        </class>
        <line num="14" type="method" name="boot" visibility="public" complexity="1" crap="1" count="55"/>
        <line num="17" type="stmt" count="55"/>
        <line num="24" type="method" name="register" visibility="public" complexity="1" crap="1" count="55"/>
        <line num="26" type="stmt" count="55"/>
        <metrics loc="27" ncloc="15" classes="1" methods="2" coveredmethods="2" conditionals="0" coveredconditionals="0" statements="2" coveredstatements="2" elements="4" coveredelements="4"/>
      </file>
      <file name="/Users/sebastian/Development/tasty/app/App/Providers/AuthServiceProvider.php">
        <class name="Genusshaus\App\Providers\AuthServiceProvider" namespace="Genusshaus\App\Providers">
          <metrics complexity="1" methods="1" coveredmethods="1" conditionals="0" coveredconditionals="0" statements="2" coveredstatements="2" elements="3" coveredelements="3"/>
        </class>
        <line num="23" type="method" name="boot" visibility="public" complexity="1" crap="1" count="55"/>
        <line num="25" type="stmt" count="55"/>
        <line num="28" type="stmt" count="55"/>
        <metrics loc="29" ncloc="17" classes="1" methods="1" coveredmethods="1" conditionals="0" coveredconditionals="0" statements="2" coveredstatements="2" elements="3" coveredelements="3"/>
      </file>
      <file name="/Users/sebastian/Development/tasty/app/App/Providers/BroadcastServiceProvider.php">
        <class name="Genusshaus\App\Providers\BroadcastServiceProvider" namespace="Genusshaus\App\Providers">
          <metrics complexity="1" methods="1" coveredmethods="0" conditionals="0" coveredconditionals="0" statements="3" coveredstatements="0" elements="4" coveredelements="0"/>
        </class>
        <line num="15" type="method" name="boot" visibility="public" complexity="1" crap="2.00" count="0"/>
        <line num="17" type="stmt" count="0"/>
        <line num="19" type="stmt" count="0"/>
        <line num="20" type="stmt" count="0"/>
        <metrics loc="21" ncloc="16" classes="1" methods="1" coveredmethods="0" conditionals="0" coveredconditionals="0" statements="3" coveredstatements="0" elements="4" coveredelements="0"/>
      </file>
      <file name="/Users/sebastian/Development/tasty/app/App/Providers/ComposerServiceProvider.php">
        <class name="Genusshaus\App\Providers\ComposerServiceProvider" namespace="Genusshaus\App\Providers">
          <metrics complexity="2" methods="2" coveredmethods="2" conditionals="0" coveredconditionals="0" statements="3" coveredstatements="3" elements="5" coveredelements="5"/>
        </class>
        <line num="16" type="method" name="boot" visibility="public" complexity="1" crap="1" count="55"/>
        <line num="18" type="stmt" count="55"/>
        <line num="19" type="stmt" count="55"/>
        <line num="26" type="method" name="register" visibility="public" complexity="1" crap="1" count="55"/>
        <line num="29" type="stmt" count="55"/>
        <metrics loc="30" ncloc="18" classes="1" methods="2" coveredmethods="2" conditionals="0" coveredconditionals="0" statements="3" coveredstatements="3" elements="5" coveredelements="5"/>
      </file>
      <file name="/Users/sebastian/Development/tasty/app/App/Providers/EventServiceProvider.php">
        <class name="Genusshaus\App\Providers\EventServiceProvider" namespace="Genusshaus\App\Providers">
          <metrics complexity="1" methods="1" coveredmethods="1" conditionals="0" coveredconditionals="0" statements="2" coveredstatements="2" elements="3" coveredelements="3"/>
        </class>
        <line num="26" type="method" name="boot" visibility="public" complexity="1" crap="1" count="55"/>
        <line num="28" type="stmt" count="55"/>
        <line num="31" type="stmt" count="55"/>
        <metrics loc="32" ncloc="20" classes="1" methods="1" coveredmethods="1" conditionals="0" coveredconditionals="0" statements="2" coveredstatements="2" elements="3" coveredelements="3"/>
      </file>
      <file name="/Users/sebastian/Development/tasty/app/App/Providers/ImpersonateServiceProvider.php">
        <class name="Genusshaus\App\Providers\ImpersonateServiceProvider" namespace="Genusshaus\App\Providers">
          <metrics complexity="4" methods="2" coveredmethods="2" conditionals="0" coveredconditionals="0" statements="3" coveredstatements="3" elements="5" coveredelements="5"/>
        </class>
        <line num="17" type="method" name="anonymousFunction:17#60" complexity="1" crap="1" count="55"/>
        <line num="18" type="stmt" count="20"/>
        <line num="19" type="stmt" count="55"/>
        <line num="20" type="stmt" count="55"/>
        <line num="27" type="method" name="register" visibility="public" complexity="1" crap="1" count="55"/>
        <line num="29" type="stmt" count="55"/>
        <metrics loc="30" ncloc="20" classes="1" methods="2" coveredmethods="2" conditionals="0" coveredconditionals="0" statements="4" coveredstatements="4" elements="6" coveredelements="6"/>
      </file>
      <file name="/Users/sebastian/Development/tasty/app/App/Providers/RouteServiceProvider.php">
        <class name="Genusshaus\App\Providers\RouteServiceProvider" namespace="Genusshaus\App\Providers">
          <metrics complexity="4" methods="4" coveredmethods="4" conditionals="0" coveredconditionals="0" statements="14" coveredstatements="14" elements="18" coveredelements="18"/>
        </class>
        <line num="24" type="method" name="boot" visibility="public" complexity="1" crap="1" count="55"/>
        <line num="28" type="stmt" count="55"/>
        <line num="29" type="stmt" count="55"/>
        <line num="36" type="method" name="map" visibility="public" complexity="1" crap="1" count="55"/>
        <line num="38" type="stmt" count="55"/>
        <line num="40" type="stmt" count="55"/>
        <line num="43" type="stmt" count="55"/>
        <line num="52" type="method" name="mapWebRoutes" visibility="protected" complexity="1" crap="1" count="55"/>
        <line num="54" type="stmt" count="55"/>
        <line num="55" type="stmt" count="55"/>
        <line num="56" type="stmt" count="55"/>
        <line num="57" type="stmt" count="55"/>
        <line num="66" type="method" name="mapApiRoutes" visibility="protected" complexity="1" crap="1" count="55"/>
        <line num="68" type="stmt" count="55"/>
        <line num="69" type="stmt" count="55"/>
        <line num="70" type="stmt" count="55"/>
        <line num="71" type="stmt" count="55"/>
        <line num="72" type="stmt" count="55"/>
        <metrics loc="73" ncloc="38" classes="1" methods="4" coveredmethods="4" conditionals="0" coveredconditionals="0" statements="14" coveredstatements="14" elements="18" coveredelements="18"/>
      </file>
    </package>
    <package name="Genusshaus\Domain\Moderators\Models">
      <file name="/Users/sebastian/Development/tasty/app/Domain/Moderators/Models/Beacon.php">
        <class name="Genusshaus\Domain\Moderators\Models\Beacon" namespace="Genusshaus\Domain\Moderators\Models">
          <metrics complexity="3" methods="3" coveredmethods="3" conditionals="0" coveredconditionals="0" statements="4" coveredstatements="4" elements="7" coveredelements="7"/>
        </class>
        <line num="16" type="method" name="boot" visibility="public" complexity="1" crap="1" count="3"/>
        <line num="18" type="stmt" count="3"/>
        <line num="20" type="method" name="anonymousFunction:20#112" complexity="1" crap="1" count="3"/>
        <line num="21" type="stmt" count="2"/>
        <line num="22" type="stmt" count="3"/>
        <line num="23" type="stmt" count="3"/>
        <line num="25" type="method" name="place" visibility="public" complexity="1" crap="1" count="1"/>
        <line num="27" type="stmt" count="1"/>
        <metrics loc="29" ncloc="29" classes="1" methods="3" coveredmethods="3" conditionals="0" coveredconditionals="0" statements="5" coveredstatements="5" elements="8" coveredelements="8"/>
      </file>
    </package>
    <package name="Genusshaus\Domain\Moderators\Notifications">
      <file name="/Users/sebastian/Development/tasty/app/Domain/Moderators/Notifications/InviteUsersNotification.php">
        <class name="Genusshaus\Domain\Moderators\Notifications\InviteUsersNotification" namespace="Genusshaus\Domain\Moderators\Notifications">
          <metrics complexity="4" methods="4" coveredmethods="0" conditionals="0" coveredconditionals="0" statements="11" coveredstatements="0" elements="15" coveredelements="0"/>
        </class>
        <line num="24" type="method" name="__construct" visibility="public" complexity="1" crap="2.00" count="0"/>
        <line num="26" type="stmt" count="0"/>
        <line num="27" type="stmt" count="0"/>
        <line num="28" type="stmt" count="0"/>
        <line num="37" type="method" name="via" visibility="public" complexity="1" crap="2.00" count="0"/>
        <line num="39" type="stmt" count="0"/>
        <line num="49" type="method" name="toMail" visibility="public" complexity="1" crap="2.00" count="0"/>
        <line num="51" type="stmt" count="0"/>
        <line num="52" type="stmt" count="0"/>
        <line num="53" type="stmt" count="0"/>
        <line num="54" type="stmt" count="0"/>
        <line num="55" type="stmt" count="0"/>
        <line num="56" type="stmt" count="0"/>
        <line num="66" type="method" name="toArray" visibility="public" complexity="1" crap="2.00" count="0"/>
        <line num="70" type="stmt" count="0"/>
        <metrics loc="72" ncloc="44" classes="1" methods="4" coveredmethods="0" conditionals="0" coveredconditionals="0" statements="11" coveredstatements="0" elements="15" coveredelements="0"/>
      </file>
    </package>
    <package name="Genusshaus\Domain\Places\Models">
      <file name="/Users/sebastian/Development/tasty/app/Domain/Places/Models/Contact.php">
        <class name="Genusshaus\Domain\Places\Models\Contact" namespace="Genusshaus\Domain\Places\Models">
          <metrics complexity="1" methods="1" coveredmethods="1" conditionals="0" coveredconditionals="0" statements="1" coveredstatements="1" elements="2" coveredelements="2"/>
        </class>
        <line num="14" type="method" name="place" visibility="public" complexity="1" crap="1" count="1"/>
        <line num="16" type="stmt" count="1"/>
        <metrics loc="18" ncloc="18" classes="1" methods="1" coveredmethods="1" conditionals="0" coveredconditionals="0" statements="1" coveredstatements="1" elements="2" coveredelements="2"/>
      </file>
      <file name="/Users/sebastian/Development/tasty/app/Domain/Places/Models/Country.php">
        <class name="Genusshaus\Domain\Places\Models\Country" namespace="Genusshaus\Domain\Places\Models">
          <metrics complexity="0" methods="0" coveredmethods="0" conditionals="0" coveredconditionals="0" statements="0" coveredstatements="0" elements="0" coveredelements="0"/>
        </class>
        <metrics loc="12" ncloc="12" classes="0" methods="0" coveredmethods="0" conditionals="0" coveredconditionals="0" statements="0" coveredstatements="0" elements="0" coveredelements="0"/>
      </file>
      <file name="/Users/sebastian/Development/tasty/app/Domain/Places/Models/Event.php">
        <class name="Genusshaus\Domain\Places\Models\Event" namespace="Genusshaus\Domain\Places\Models">
          <metrics complexity="3" methods="3" coveredmethods="3" conditionals="0" coveredconditionals="0" statements="4" coveredstatements="4" elements="7" coveredelements="7"/>
        </class>
        <line num="23" type="method" name="boot" visibility="public" complexity="1" crap="1" count="6"/>
        <line num="25" type="stmt" count="6"/>
        <line num="27" type="method" name="anonymousFunction:27#139" complexity="1" crap="1" count="6"/>
        <line num="28" type="stmt" count="3"/>
        <line num="29" type="stmt" count="6"/>
        <line num="30" type="stmt" count="6"/>
        <line num="32" type="method" name="place" visibility="public" complexity="1" crap="1" count="1"/>
        <line num="34" type="stmt" count="1"/>
        <metrics loc="36" ncloc="36" classes="1" methods="3" coveredmethods="3" conditionals="0" coveredconditionals="0" statements="5" coveredstatements="5" elements="8" coveredelements="8"/>
      </file>
      <file name="/Users/sebastian/Development/tasty/app/Domain/Places/Models/Location.php">
        <class name="Genusshaus\Domain\Places\Models\Location" namespace="Genusshaus\Domain\Places\Models">
          <metrics complexity="2" methods="2" coveredmethods="2" conditionals="0" coveredconditionals="0" statements="2" coveredstatements="2" elements="4" coveredelements="4"/>
        </class>
        <line num="14" type="method" name="place" visibility="public" complexity="1" crap="1" count="1"/>
        <line num="16" type="stmt" count="1"/>
        <line num="19" type="method" name="country" visibility="public" complexity="1" crap="1" count="1"/>
        <line num="21" type="stmt" count="1"/>
        <metrics loc="23" ncloc="23" classes="1" methods="2" coveredmethods="2" conditionals="0" coveredconditionals="0" statements="2" coveredstatements="2" elements="4" coveredelements="4"/>
      </file>
      <file name="/Users/sebastian/Development/tasty/app/Domain/Places/Models/Place.php">
        <class name="Genusshaus\Domain\Places\Models\Place" namespace="Genusshaus\Domain\Places\Models">
          <metrics complexity="11" methods="11" coveredmethods="10" conditionals="0" coveredconditionals="0" statements="12" coveredstatements="11" elements="23" coveredelements="21"/>
        </class>
        <line num="19" type="method" name="boot" visibility="public" complexity="1" crap="1" count="33"/>
        <line num="21" type="stmt" count="33"/>
        <line num="23" type="method" name="anonymousFunction:23#154" complexity="1" crap="1" count="33"/>
        <line num="24" type="stmt" count="31"/>
        <line num="25" type="stmt" count="33"/>
        <line num="26" type="stmt" count="33"/>
        <line num="28" type="method" name="getRouteKeyName" visibility="public" complexity="1" crap="1" count="10"/>
        <line num="30" type="stmt" count="10"/>
        <line num="33" type="method" name="users" visibility="public" complexity="1" crap="1" count="1"/>
        <line num="35" type="stmt" count="1"/>
        <line num="38" type="method" name="region" visibility="public" complexity="1" crap="1" count="2"/>
        <line num="40" type="stmt" count="2"/>
        <line num="43" type="method" name="contact" visibility="public" complexity="1" crap="1" count="2"/>
        <line num="45" type="stmt" count="2"/>
        <line num="48" type="method" name="location" visibility="public" complexity="1" crap="1" count="2"/>
        <line num="50" type="stmt" count="2"/>
        <line num="53" type="method" name="events" visibility="public" complexity="1" crap="1" count="3"/>
        <line num="55" type="stmt" count="3"/>
        <line num="58" type="method" name="beacons" visibility="public" complexity="1" crap="1" count="1"/>
        <line num="60" type="stmt" count="1"/>
        <line num="63" type="method" name="posts" visibility="public" complexity="1" crap="1" count="3"/>
        <line num="65" type="stmt" count="3"/>
        <line num="68" type="method" name="scopeActive" visibility="public" complexity="1" crap="2.00" count="0"/>
        <line num="70" type="stmt" count="0"/>
        <metrics loc="72" ncloc="72" classes="1" methods="11" coveredmethods="10" conditionals="0" coveredconditionals="0" statements="13" coveredstatements="12" elements="24" coveredelements="22"/>
      </file>
      <file name="/Users/sebastian/Development/tasty/app/Domain/Places/Models/Post.php">
        <class name="Genusshaus\Domain\Places\Models\Post" namespace="Genusshaus\Domain\Places\Models">
          <metrics complexity="3" methods="3" coveredmethods="3" conditionals="0" coveredconditionals="0" statements="4" coveredstatements="4" elements="7" coveredelements="7"/>
        </class>
        <line num="16" type="method" name="boot" visibility="public" complexity="1" crap="1" count="5"/>
        <line num="18" type="stmt" count="5"/>
        <line num="20" type="method" name="anonymousFunction:20#119" complexity="1" crap="1" count="5"/>
        <line num="21" type="stmt" count="2"/>
        <line num="22" type="stmt" count="5"/>
        <line num="23" type="stmt" count="5"/>
        <line num="25" type="method" name="place" visibility="public" complexity="1" crap="1" count="1"/>
        <line num="27" type="stmt" count="1"/>
        <metrics loc="29" ncloc="29" classes="1" methods="3" coveredmethods="3" conditionals="0" coveredconditionals="0" statements="5" coveredstatements="5" elements="8" coveredelements="8"/>
      </file>
      <file name="/Users/sebastian/Development/tasty/app/Domain/Places/Models/Region.php">
        <class name="Genusshaus\Domain\Places\Models\Region" namespace="Genusshaus\Domain\Places\Models">
          <metrics complexity="1" methods="1" coveredmethods="1" conditionals="0" coveredconditionals="0" statements="1" coveredstatements="1" elements="2" coveredelements="2"/>
        </class>
        <line num="18" type="method" name="places" visibility="public" complexity="1" crap="1" count="1"/>
        <line num="20" type="stmt" count="1"/>
        <metrics loc="22" ncloc="22" classes="1" methods="1" coveredmethods="1" conditionals="0" coveredconditionals="0" statements="1" coveredstatements="1" elements="2" coveredelements="2"/>
      </file>
    </package>
    <package name="Genusshaus\App\Domain\Users\Jobs\Support">
      <file name="/Users/sebastian/Development/tasty/app/Domain/Users/Jobs/Support/SendSupportRequestJob.php">
        <class name="Genusshaus\App\Domain\Users\Jobs\Support\SendSupportRequestJob" namespace="Genusshaus\App\Domain\Users\Jobs\Support">
          <metrics complexity="3" methods="2" coveredmethods="0" conditionals="0" coveredconditionals="0" statements="6" coveredstatements="0" elements="8" coveredelements="0"/>
        </class>
        <line num="24" type="method" name="__construct" visibility="public" complexity="1" crap="2.00" count="0"/>
        <line num="26" type="stmt" count="0"/>
        <line num="27" type="stmt" count="0"/>
        <line num="34" type="method" name="handle" visibility="public" complexity="2" crap="6.00" count="0"/>
        <line num="36" type="stmt" count="0"/>
        <line num="38" type="stmt" count="0"/>
        <line num="39" type="stmt" count="0"/>
        <line num="41" type="stmt" count="0"/>
        <metrics loc="42" ncloc="32" classes="1" methods="2" coveredmethods="0" conditionals="0" coveredconditionals="0" statements="6" coveredstatements="0" elements="8" coveredelements="0"/>
      </file>
    </package>
    <package name="Genusshaus\Domain\Users\Models">
      <file name="/Users/sebastian/Development/tasty/app/Domain/Users/Models/User.php">
        <class name="Genusshaus\Domain\Users\Models\User" namespace="Genusshaus\Domain\Users\Models">
          <metrics complexity="7" methods="6" coveredmethods="1" conditionals="0" coveredconditionals="0" statements="8" coveredstatements="3" elements="14" coveredelements="4"/>
        </class>
        <line num="40" type="method" name="getRouteKeyName" visibility="public" complexity="1" crap="1" count="2"/>
        <line num="42" type="stmt" count="2"/>
        <line num="45" type="method" name="getAvatar" visibility="public" complexity="2" crap="2.15" count="20"/>
        <line num="47" type="stmt" count="20"/>
        <line num="48" type="stmt" count="20"/>
        <line num="51" type="stmt" count="0"/>
        <line num="54" type="method" name="isSameAs" visibility="public" complexity="1" crap="2.00" count="0"/>
        <line num="56" type="stmt" count="0"/>
        <line num="59" type="method" name="places" visibility="public" complexity="1" crap="2.00" count="0"/>
        <line num="61" type="stmt" count="0"/>
        <line num="64" type="method" name="scopeInactive" visibility="public" complexity="1" crap="2.00" count="0"/>
        <line num="66" type="stmt" count="0"/>
        <line num="69" type="method" name="scopeActive" visibility="public" complexity="1" crap="2.00" count="0"/>
        <line num="71" type="stmt" count="0"/>
        <metrics loc="73" ncloc="63" classes="1" methods="6" coveredmethods="1" conditionals="0" coveredconditionals="0" statements="8" coveredstatements="3" elements="14" coveredelements="4"/>
      </file>
    </package>
    <package name="Genusshaus\Http\Composers">
      <file name="/Users/sebastian/Development/tasty/app/Http/Composers/NavigationComposers.php">
        <class name="Genusshaus\Http\Composers\NavigationComposers" namespace="Genusshaus\Http\Composers">
          <metrics complexity="1" methods="1" coveredmethods="1" conditionals="0" coveredconditionals="0" statements="3" coveredstatements="3" elements="4" coveredelements="4"/>
        </class>
        <line num="7" type="method" name="compose" visibility="public" complexity="1" crap="1" count="20"/>
        <line num="9" type="stmt" count="20"/>
        <line num="10" type="stmt" count="20"/>
        <line num="12" type="stmt" count="20"/>
        <metrics loc="13" ncloc="13" classes="1" methods="1" coveredmethods="1" conditionals="0" coveredconditionals="0" statements="3" coveredstatements="3" elements="4" coveredelements="4"/>
      </file>
    </package>
    <package name="Genusshaus\Http\Controllers\Administrators\Dashboard">
      <file name="/Users/sebastian/Development/tasty/app/Http/Controllers/Administrators/Dashboard/DashboardController.php">
        <class name="Genusshaus\Http\Controllers\Administrators\Dashboard\DashboardController" namespace="Genusshaus\Http\Controllers\Administrators\Dashboard">
          <metrics complexity="2" methods="2" coveredmethods="2" conditionals="0" coveredconditionals="0" statements="3" coveredstatements="3" elements="5" coveredelements="5"/>
        </class>
        <line num="9" type="method" name="__construct" visibility="public" complexity="1" crap="1" count="3"/>
        <line num="11" type="stmt" count="3"/>
        <line num="12" type="stmt" count="3"/>
        <line num="19" type="method" name="index" visibility="public" complexity="1" crap="1" count="1"/>
        <line num="21" type="stmt" count="1"/>
        <metrics loc="23" ncloc="18" classes="1" methods="2" coveredmethods="2" conditionals="0" coveredconditionals="0" statements="3" coveredstatements="3" elements="5" coveredelements="5"/>
      </file>
    </package>
    <package name="Genusshaus\Http\Controllers\Administrators\Logs">
      <file name="/Users/sebastian/Development/tasty/app/Http/Controllers/Administrators/Logs/LogsController.php">
        <class name="Genusshaus\Http\Controllers\Administrators\Logs\LogsController" namespace="Genusshaus\Http\Controllers\Administrators\Logs">
          <metrics complexity="2" methods="2" coveredmethods="2" conditionals="0" coveredconditionals="0" statements="3" coveredstatements="3" elements="5" coveredelements="5"/>
        </class>
        <line num="9" type="method" name="__construct" visibility="public" complexity="1" crap="1" count="2"/>
        <line num="11" type="stmt" count="2"/>
        <line num="12" type="stmt" count="2"/>
        <line num="19" type="method" name="index" visibility="public" complexity="1" crap="1" count="1"/>
        <line num="21" type="stmt" count="1"/>
        <metrics loc="23" ncloc="18" classes="1" methods="2" coveredmethods="2" conditionals="0" coveredconditionals="0" statements="3" coveredstatements="3" elements="5" coveredelements="5"/>
      </file>
    </package>
    <package name="Genusshaus\Http\Controllers\Administrators\Users">
      <file name="/Users/sebastian/Development/tasty/app/Http/Controllers/Administrators/Users/UsersController.php">
        <class name="Genusshaus\Http\Controllers\Administrators\Users\UsersController" namespace="Genusshaus\Http\Controllers\Administrators\Users">
          <metrics complexity="11" methods="7" coveredmethods="3" conditionals="0" coveredconditionals="0" statements="26" coveredstatements="6" elements="33" coveredelements="9"/>
        </class>
        <line num="15" type="method" name="__construct" visibility="public" complexity="1" crap="1" count="4"/>
        <line num="17" type="stmt" count="4"/>
        <line num="18" type="stmt" count="4"/>
        <line num="20" type="method" name="index" visibility="public" complexity="1" crap="1" count="1"/>
        <line num="22" type="stmt" count="1"/>
        <line num="24" type="stmt" count="1"/>
        <line num="27" type="method" name="create" visibility="public" complexity="1" crap="1" count="1"/>
        <line num="29" type="stmt" count="1"/>
        <line num="31" type="stmt" count="1"/>
        <line num="34" type="method" name="store" visibility="public" complexity="2" crap="6.00" count="0"/>
        <line num="36" type="stmt" count="0"/>
        <line num="38" type="stmt" count="0"/>
        <line num="39" type="stmt" count="0"/>
        <line num="40" type="stmt" count="0"/>
        <line num="41" type="stmt" count="0"/>
        <line num="43" type="stmt" count="0"/>
        <line num="45" type="stmt" count="0"/>
        <line num="47" type="stmt" count="0"/>
        <line num="48" type="stmt" count="0"/>
        <line num="53" type="stmt" count="0"/>
        <line num="56" type="method" name="edit" visibility="public" complexity="1" crap="2.00" count="0"/>
        <line num="58" type="stmt" count="0"/>
        <line num="60" type="stmt" count="0"/>
        <line num="63" type="method" name="update" visibility="public" complexity="3" crap="12.00" count="0"/>
        <line num="65" type="stmt" count="0"/>
        <line num="66" type="stmt" count="0"/>
        <line num="68" type="stmt" count="0"/>
        <line num="69" type="stmt" count="0"/>
        <line num="73" type="stmt" count="0"/>
        <line num="76" type="method" name="delete" visibility="public" complexity="2" crap="6.00" count="0"/>
        <line num="78" type="stmt" count="0"/>
        <line num="79" type="stmt" count="0"/>
        <line num="82" type="stmt" count="0"/>
        <metrics loc="84" ncloc="82" classes="1" methods="7" coveredmethods="3" conditionals="0" coveredconditionals="0" statements="26" coveredstatements="6" elements="33" coveredelements="9"/>
      </file>
    </package>
    <package name="Genusshaus\Http\Controllers\Auth">
      <file name="/Users/sebastian/Development/tasty/app/Http/Controllers/Auth/ForgotPasswordController.php">
        <class name="Genusshaus\Http\Controllers\Auth\ForgotPasswordController" namespace="Genusshaus\Http\Controllers\Auth">
          <metrics complexity="1" methods="1" coveredmethods="0" conditionals="0" coveredconditionals="0" statements="2" coveredstatements="0" elements="3" coveredelements="0"/>
        </class>
        <line num="28" type="method" name="__construct" visibility="public" complexity="1" crap="2.00" count="0"/>
        <line num="30" type="stmt" count="0"/>
        <line num="31" type="stmt" count="0"/>
        <metrics loc="32" ncloc="17" classes="1" methods="1" coveredmethods="0" conditionals="0" coveredconditionals="0" statements="2" coveredstatements="0" elements="3" coveredelements="0"/>
      </file>
      <file name="/Users/sebastian/Development/tasty/app/Http/Controllers/Auth/LoginController.php">
        <class name="Genusshaus\Http\Controllers\Auth\LoginController" namespace="Genusshaus\Http\Controllers\Auth">
          <metrics complexity="2" methods="2" coveredmethods="0" conditionals="0" coveredconditionals="0" statements="5" coveredstatements="0" elements="7" coveredelements="0"/>
        </class>
        <line num="37" type="method" name="__construct" visibility="public" complexity="1" crap="2.00" count="0"/>
        <line num="39" type="stmt" count="0"/>
        <line num="40" type="stmt" count="0"/>
        <line num="42" type="method" name="authenticated" visibility="protected" complexity="1" crap="2.00" count="0"/>
        <line num="44" type="stmt" count="0"/>
        <line num="45" type="stmt" count="0"/>
        <line num="46" type="stmt" count="0"/>
        <metrics loc="47" ncloc="27" classes="1" methods="2" coveredmethods="0" conditionals="0" coveredconditionals="0" statements="5" coveredstatements="0" elements="7" coveredelements="0"/>
      </file>
      <file name="/Users/sebastian/Development/tasty/app/Http/Controllers/Auth/RegisterController.php">
        <class name="Genusshaus\Http\Controllers\Auth\RegisterController" namespace="Genusshaus\Http\Controllers\Auth">
          <metrics complexity="5" methods="5" coveredmethods="0" conditionals="0" coveredconditionals="0" statements="11" coveredstatements="0" elements="16" coveredelements="0"/>
        </class>
        <line num="38" type="method" name="__construct" visibility="public" complexity="1" crap="2.00" count="0"/>
        <line num="40" type="stmt" count="0"/>
        <line num="41" type="stmt" count="0"/>
        <line num="50" type="method" name="validator" visibility="protected" complexity="1" crap="2.00" count="0"/>
        <line num="52" type="stmt" count="0"/>
        <line num="53" type="stmt" count="0"/>
        <line num="67" type="method" name="create" visibility="protected" complexity="1" crap="2.00" count="0"/>
        <line num="69" type="stmt" count="0"/>
        <line num="70" type="stmt" count="0"/>
        <line num="71" type="stmt" count="0"/>
        <line num="72" type="stmt" count="0"/>
        <line num="81" type="method" name="showRegistrationForm" visibility="public" complexity="1" crap="2.00" count="0"/>
        <line num="83" type="stmt" count="0"/>
        <line num="93" type="method" name="register" visibility="public" complexity="1" crap="2.00" count="0"/>
        <line num="95" type="stmt" count="0"/>
        <line num="96" type="stmt" count="0"/>
        <metrics loc="97" ncloc="51" classes="1" methods="5" coveredmethods="0" conditionals="0" coveredconditionals="0" statements="11" coveredstatements="0" elements="16" coveredelements="0"/>
      </file>
      <file name="/Users/sebastian/Development/tasty/app/Http/Controllers/Auth/ResetPasswordController.php">
        <class name="Genusshaus\Http\Controllers\Auth\ResetPasswordController" namespace="Genusshaus\Http\Controllers\Auth">
          <metrics complexity="1" methods="1" coveredmethods="0" conditionals="0" coveredconditionals="0" statements="2" coveredstatements="0" elements="3" coveredelements="0"/>
        </class>
        <line num="35" type="method" name="__construct" visibility="public" complexity="1" crap="2.00" count="0"/>
        <line num="37" type="stmt" count="0"/>
        <line num="38" type="stmt" count="0"/>
        <metrics loc="39" ncloc="19" classes="1" methods="1" coveredmethods="0" conditionals="0" coveredconditionals="0" statements="2" coveredstatements="0" elements="3" coveredelements="0"/>
      </file>
    </package>
    <package name="Genusshaus\Http\Controllers\Moderators\Countries">
      <file name="/Users/sebastian/Development/tasty/app/Http/Controllers/Moderators/Countries/CountriesController.php">
        <class name="Genusshaus\Http\Controllers\Moderators\Countries\CountriesController" namespace="Genusshaus\Http\Controllers\Moderators\Countries">
          <metrics complexity="2" methods="2" coveredmethods="2" conditionals="0" coveredconditionals="0" statements="4" coveredstatements="4" elements="6" coveredelements="6"/>
        </class>
        <line num="10" type="method" name="__construct" visibility="public" complexity="1" crap="1" count="2"/>
        <line num="12" type="stmt" count="2"/>
        <line num="13" type="stmt" count="2"/>
        <line num="15" type="method" name="index" visibility="public" complexity="1" crap="1" count="1"/>
        <line num="17" type="stmt" count="1"/>
        <line num="19" type="stmt" count="1"/>
        <metrics loc="21" ncloc="21" classes="1" methods="2" coveredmethods="2" conditionals="0" coveredconditionals="0" statements="4" coveredstatements="4" elements="6" coveredelements="6"/>
      </file>
    </package>
    <package name="Genusshaus\Http\Controllers\Moderators\Dashboard">
      <file name="/Users/sebastian/Development/tasty/app/Http/Controllers/Moderators/Dashboard/DashboardController.php">
        <class name="Genusshaus\Http\Controllers\Moderators\Dashboard\DashboardController" namespace="Genusshaus\Http\Controllers\Moderators\Dashboard">
          <metrics complexity="2" methods="2" coveredmethods="2" conditionals="0" coveredconditionals="0" statements="3" coveredstatements="3" elements="5" coveredelements="5"/>
        </class>
        <line num="9" type="method" name="__construct" visibility="public" complexity="1" crap="1" count="3"/>
        <line num="11" type="stmt" count="3"/>
        <line num="12" type="stmt" count="3"/>
        <line num="19" type="method" name="index" visibility="public" complexity="1" crap="1" count="1"/>
        <line num="21" type="stmt" count="1"/>
        <metrics loc="23" ncloc="18" classes="1" methods="2" coveredmethods="2" conditionals="0" coveredconditionals="0" statements="3" coveredstatements="3" elements="5" coveredelements="5"/>
      </file>
    </package>
    <package name="Genusshaus\Http\Controllers\Moderators\Places\Beacons">
      <file name="/Users/sebastian/Development/tasty/app/Http/Controllers/Moderators/Places/Beacons/BeaconsController.php">
        <class name="Genusshaus\Http\Controllers\Moderators\Places\Beacons\BeaconsController" namespace="Genusshaus\Http\Controllers\Moderators\Places\Beacons">
          <metrics complexity="5" methods="5" coveredmethods="0" conditionals="0" coveredconditionals="0" statements="13" coveredstatements="0" elements="18" coveredelements="0"/>
        </class>
        <line num="12" type="method" name="__construct" visibility="public" complexity="1" crap="2.00" count="0"/>
        <line num="14" type="stmt" count="0"/>
        <line num="15" type="stmt" count="0"/>
        <line num="22" type="method" name="index" visibility="public" complexity="1" crap="2.00" count="0"/>
        <line num="24" type="stmt" count="0"/>
        <line num="26" type="stmt" count="0"/>
        <line num="29" type="method" name="create" visibility="public" complexity="1" crap="2.00" count="0"/>
        <line num="31" type="stmt" count="0"/>
        <line num="33" type="stmt" count="0"/>
        <line num="36" type="method" name="store" visibility="public" complexity="1" crap="2.00" count="0"/>
        <line num="38" type="stmt" count="0"/>
        <line num="40" type="stmt" count="0"/>
        <line num="41" type="stmt" count="0"/>
        <line num="42" type="stmt" count="0"/>
        <line num="46" type="stmt" count="0"/>
        <line num="49" type="method" name="delete" visibility="public" complexity="1" crap="2.00" count="0"/>
        <line num="51" type="stmt" count="0"/>
        <line num="53" type="stmt" count="0"/>
        <metrics loc="55" ncloc="50" classes="1" methods="5" coveredmethods="0" conditionals="0" coveredconditionals="0" statements="13" coveredstatements="0" elements="18" coveredelements="0"/>
      </file>
    </package>
    <package name="Genusshaus\Http\Controllers\Moderators\Places\Categories">
      <file name="/Users/sebastian/Development/tasty/app/Http/Controllers/Moderators/Places/Categories/CategoriesController.php">
        <class name="Genusshaus\Http\Controllers\Moderators\Places\Categories\CategoriesController" namespace="Genusshaus\Http\Controllers\Moderators\Places\Categories">
          <metrics complexity="2" methods="2" coveredmethods="0" conditionals="0" coveredconditionals="0" statements="3" coveredstatements="0" elements="5" coveredelements="0"/>
        </class>
        <line num="10" type="method" name="__construct" visibility="public" complexity="1" crap="2.00" count="0"/>
        <line num="12" type="stmt" count="0"/>
        <line num="13" type="stmt" count="0"/>
        <line num="20" type="method" name="index" visibility="public" complexity="1" crap="2.00" count="0"/>
        <line num="22" type="stmt" count="0"/>
        <metrics loc="24" ncloc="19" classes="1" methods="2" coveredmethods="0" conditionals="0" coveredconditionals="0" statements="3" coveredstatements="0" elements="5" coveredelements="0"/>
      </file>
    </package>
    <package name="Genusshaus\Http\Controllers\Moderators\Places\Dashboard">
      <file name="/Users/sebastian/Development/tasty/app/Http/Controllers/Moderators/Places/Dashboard/DashboardController.php">
        <class name="Genusshaus\Http\Controllers\Moderators\Places\Dashboard\DashboardController" namespace="Genusshaus\Http\Controllers\Moderators\Places\Dashboard">
          <metrics complexity="2" methods="2" coveredmethods="0" conditionals="0" coveredconditionals="0" statements="3" coveredstatements="0" elements="5" coveredelements="0"/>
        </class>
        <line num="10" type="method" name="__construct" visibility="public" complexity="1" crap="2.00" count="0"/>
        <line num="12" type="stmt" count="0"/>
        <line num="13" type="stmt" count="0"/>
        <line num="20" type="method" name="index" visibility="public" complexity="1" crap="2.00" count="0"/>
        <line num="22" type="stmt" count="0"/>
        <metrics loc="24" ncloc="19" classes="1" methods="2" coveredmethods="0" conditionals="0" coveredconditionals="0" statements="3" coveredstatements="0" elements="5" coveredelements="0"/>
      </file>
    </package>
    <package name="Genusshaus\Http\Controllers\Moderators\Places\Information">
      <file name="/Users/sebastian/Development/tasty/app/Http/Controllers/Moderators/Places/Information/InformationController.php">
        <class name="Genusshaus\Http\Controllers\Moderators\Places\Information\InformationController" namespace="Genusshaus\Http\Controllers\Moderators\Places\Information">
          <metrics complexity="2" methods="2" coveredmethods="0" conditionals="0" coveredconditionals="0" statements="3" coveredstatements="0" elements="5" coveredelements="0"/>
        </class>
        <line num="10" type="method" name="__construct" visibility="public" complexity="1" crap="2.00" count="0"/>
        <line num="12" type="stmt" count="0"/>
        <line num="13" type="stmt" count="0"/>
        <line num="20" type="method" name="index" visibility="public" complexity="1" crap="2.00" count="0"/>
        <line num="22" type="stmt" count="0"/>
        <metrics loc="24" ncloc="19" classes="1" methods="2" coveredmethods="0" conditionals="0" coveredconditionals="0" statements="3" coveredstatements="0" elements="5" coveredelements="0"/>
      </file>
    </package>
    <package name="Genusshaus\Http\Controllers\Moderators\Places\Location">
      <file name="/Users/sebastian/Development/tasty/app/Http/Controllers/Moderators/Places/Location/LocationController.php">
        <class name="Genusshaus\Http\Controllers\Moderators\Places\Location\LocationController" namespace="Genusshaus\Http\Controllers\Moderators\Places\Location">
          <metrics complexity="4" methods="3" coveredmethods="0" conditionals="0" coveredconditionals="0" statements="14" coveredstatements="0" elements="17" coveredelements="0"/>
        </class>
        <line num="12" type="method" name="__construct" visibility="public" complexity="1" crap="2.00" count="0"/>
        <line num="14" type="stmt" count="0"/>
        <line num="15" type="stmt" count="0"/>
        <line num="22" type="method" name="index" visibility="public" complexity="1" crap="2.00" count="0"/>
        <line num="24" type="stmt" count="0"/>
        <line num="27" type="method" name="update" visibility="public" complexity="2" crap="6.00" count="0"/>
        <line num="29" type="stmt" count="0"/>
        <line num="31" type="stmt" count="0"/>
        <line num="32" type="stmt" count="0"/>
        <line num="35" type="stmt" count="0"/>
        <line num="37" type="stmt" count="0"/>
        <line num="39" type="stmt" count="0"/>
        <line num="40" type="stmt" count="0"/>
        <line num="41" type="stmt" count="0"/>
        <line num="42" type="stmt" count="0"/>
        <line num="43" type="stmt" count="0"/>
        <line num="46" type="stmt" count="0"/>
        <metrics loc="48" ncloc="43" classes="1" methods="3" coveredmethods="0" conditionals="0" coveredconditionals="0" statements="14" coveredstatements="0" elements="17" coveredelements="0"/>
      </file>
    </package>
    <package name="Genusshaus\Http\Controllers\Moderators\Places">
      <file name="/Users/sebastian/Development/tasty/app/Http/Controllers/Moderators/Places/PlacesController.php">
        <class name="Genusshaus\Http\Controllers\Moderators\Places\PlacesController" namespace="Genusshaus\Http\Controllers\Moderators\Places">
          <metrics complexity="8" methods="7" coveredmethods="3" conditionals="0" coveredconditionals="0" statements="35" coveredstatements="7" elements="42" coveredelements="10"/>
        </class>
        <line num="13" type="method" name="__construct" visibility="public" complexity="1" crap="1" count="4"/>
        <line num="15" type="stmt" count="4"/>
        <line num="16" type="stmt" count="4"/>
        <line num="17" type="stmt" count="4"/>
        <line num="24" type="method" name="index" visibility="public" complexity="1" crap="1" count="1"/>
        <line num="26" type="stmt" count="1"/>
        <line num="28" type="stmt" count="1"/>
        <line num="31" type="method" name="create" visibility="public" complexity="1" crap="1" count="1"/>
        <line num="33" type="stmt" count="1"/>
        <line num="35" type="stmt" count="1"/>
        <line num="38" type="method" name="store" visibility="public" complexity="2" crap="6.00" count="0"/>
        <line num="40" type="stmt" count="0"/>
        <line num="42" type="stmt" count="0"/>
        <line num="43" type="stmt" count="0"/>
        <line num="46" type="stmt" count="0"/>
        <line num="48" type="stmt" count="0"/>
        <line num="50" type="stmt" count="0"/>
        <line num="51" type="stmt" count="0"/>
        <line num="53" type="stmt" count="0"/>
        <line num="55" type="stmt" count="0"/>
        <line num="57" type="stmt" count="0"/>
        <line num="59" type="stmt" count="0"/>
        <line num="60" type="stmt" count="0"/>
        <line num="61" type="stmt" count="0"/>
        <line num="62" type="stmt" count="0"/>
        <line num="63" type="stmt" count="0"/>
        <line num="64" type="stmt" count="0"/>
        <line num="67" type="stmt" count="0"/>
        <line num="70" type="method" name="edit" visibility="public" complexity="1" crap="2.00" count="0"/>
        <line num="72" type="stmt" count="0"/>
        <line num="75" type="method" name="unassign" visibility="public" complexity="1" crap="2.00" count="0"/>
        <line num="77" type="stmt" count="0"/>
        <line num="78" type="stmt" count="0"/>
        <line num="79" type="stmt" count="0"/>
        <line num="81" type="stmt" count="0"/>
        <line num="83" type="stmt" count="0"/>
        <line num="86" type="method" name="delete" visibility="public" complexity="1" crap="2.00" count="0"/>
        <line num="88" type="stmt" count="0"/>
        <line num="89" type="stmt" count="0"/>
        <line num="90" type="stmt" count="0"/>
        <line num="92" type="stmt" count="0"/>
        <line num="94" type="stmt" count="0"/>
        <metrics loc="96" ncloc="91" classes="1" methods="7" coveredmethods="3" conditionals="0" coveredconditionals="0" statements="35" coveredstatements="7" elements="42" coveredelements="10"/>
      </file>
    </package>
    <package name="Genusshaus\Http\Controllers\Moderators\Places\Settings">
      <file name="/Users/sebastian/Development/tasty/app/Http/Controllers/Moderators/Places/Settings/SettingsController.php">
        <class name="Genusshaus\Http\Controllers\Moderators\Places\Settings\SettingsController" namespace="Genusshaus\Http\Controllers\Moderators\Places\Settings">
          <metrics complexity="8" methods="7" coveredmethods="0" conditionals="0" coveredconditionals="0" statements="24" coveredstatements="0" elements="31" coveredelements="0"/>
        </class>
        <line num="10" type="method" name="__construct" visibility="public" complexity="1" crap="2.00" count="0"/>
        <line num="12" type="stmt" count="0"/>
        <line num="13" type="stmt" count="0"/>
        <line num="20" type="method" name="index" visibility="public" complexity="1" crap="2.00" count="0"/>
        <line num="22" type="stmt" count="0"/>
        <line num="25" type="method" name="publish" visibility="public" complexity="2" crap="6.00" count="0"/>
        <line num="27" type="stmt" count="0"/>
        <line num="28" type="stmt" count="0"/>
        <line num="29" type="stmt" count="0"/>
        <line num="30" type="stmt" count="0"/>
        <line num="33" type="stmt" count="0"/>
        <line num="36" type="method" name="unpublish" visibility="public" complexity="1" crap="2.00" count="0"/>
        <line num="38" type="stmt" count="0"/>
        <line num="39" type="stmt" count="0"/>
        <line num="40" type="stmt" count="0"/>
        <line num="42" type="stmt" count="0"/>
        <line num="45" type="method" name="activate" visibility="public" complexity="1" crap="2.00" count="0"/>
        <line num="47" type="stmt" count="0"/>
        <line num="48" type="stmt" count="0"/>
        <line num="49" type="stmt" count="0"/>
        <line num="51" type="stmt" count="0"/>
        <line num="54" type="method" name="deactivate" visibility="public" complexity="1" crap="2.00" count="0"/>
        <line num="56" type="stmt" count="0"/>
        <line num="57" type="stmt" count="0"/>
        <line num="58" type="stmt" count="0"/>
        <line num="60" type="stmt" count="0"/>
        <line num="63" type="method" name="reset" visibility="public" complexity="1" crap="2.00" count="0"/>
        <line num="65" type="stmt" count="0"/>
        <line num="66" type="stmt" count="0"/>
        <line num="67" type="stmt" count="0"/>
        <line num="69" type="stmt" count="0"/>
        <metrics loc="71" ncloc="66" classes="1" methods="7" coveredmethods="0" conditionals="0" coveredconditionals="0" statements="24" coveredstatements="0" elements="31" coveredelements="0"/>
      </file>
    </package>
    <package name="Genusshaus\Http\Controllers\Moderators\Places\Tags">
      <file name="/Users/sebastian/Development/tasty/app/Http/Controllers/Moderators/Places/Tags/TagsController.php">
        <class name="Genusshaus\Http\Controllers\Moderators\Places\Tags\TagsController" namespace="Genusshaus\Http\Controllers\Moderators\Places\Tags">
          <metrics complexity="2" methods="2" coveredmethods="0" conditionals="0" coveredconditionals="0" statements="4" coveredstatements="0" elements="6" coveredelements="0"/>
        </class>
        <line num="10" type="method" name="__construct" visibility="public" complexity="1" crap="2.00" count="0"/>
        <line num="12" type="stmt" count="0"/>
        <line num="13" type="stmt" count="0"/>
        <line num="20" type="method" name="index" visibility="public" complexity="1" crap="2.00" count="0"/>
        <line num="22" type="stmt" count="0"/>
        <line num="24" type="stmt" count="0"/>
        <metrics loc="26" ncloc="21" classes="1" methods="2" coveredmethods="0" conditionals="0" coveredconditionals="0" statements="4" coveredstatements="0" elements="6" coveredelements="0"/>
      </file>
    </package>
    <package name="Genusshaus\Http\Controllers\Moderators\Places\Users">
      <file name="/Users/sebastian/Development/tasty/app/Http/Controllers/Moderators/Places/Users/UsersController.php">
        <class name="Genusshaus\Http\Controllers\Moderators\Places\Users\UsersController" namespace="Genusshaus\Http\Controllers\Moderators\Places\Users">
          <metrics complexity="7" methods="6" coveredmethods="0" conditionals="0" coveredconditionals="0" statements="28" coveredstatements="0" elements="34" coveredelements="0"/>
        </class>
        <line num="16" type="method" name="__construct" visibility="public" complexity="1" crap="2.00" count="0"/>
        <line num="18" type="stmt" count="0"/>
        <line num="19" type="stmt" count="0"/>
        <line num="26" type="method" name="index" visibility="public" complexity="1" crap="2.00" count="0"/>
        <line num="28" type="stmt" count="0"/>
        <line num="30" type="stmt" count="0"/>
        <line num="33" type="method" name="invite" visibility="public" complexity="1" crap="2.00" count="0"/>
        <line num="35" type="stmt" count="0"/>
        <line num="37" type="stmt" count="0"/>
        <line num="40" type="method" name="create" visibility="public" complexity="1" crap="2.00" count="0"/>
        <line num="42" type="stmt" count="0"/>
        <line num="44" type="stmt" count="0"/>
        <line num="47" type="method" name="store" visibility="public" complexity="2" crap="6.00" count="0"/>
        <line num="49" type="stmt" count="0"/>
        <line num="51" type="stmt" count="0"/>
        <line num="52" type="stmt" count="0"/>
        <line num="54" type="stmt" count="0"/>
        <line num="55" type="stmt" count="0"/>
        <line num="56" type="stmt" count="0"/>
        <line num="57" type="stmt" count="0"/>
        <line num="58" type="stmt" count="0"/>
        <line num="59" type="stmt" count="0"/>
        <line num="62" type="stmt" count="0"/>
        <line num="63" type="stmt" count="0"/>
        <line num="64" type="stmt" count="0"/>
        <line num="65" type="stmt" count="0"/>
        <line num="67" type="stmt" count="0"/>
        <line num="69" type="stmt" count="0"/>
        <line num="72" type="method" name="assign" visibility="public" complexity="1" crap="2.00" count="0"/>
        <line num="74" type="stmt" count="0"/>
        <line num="76" type="stmt" count="0"/>
        <line num="77" type="stmt" count="0"/>
        <line num="78" type="stmt" count="0"/>
        <line num="80" type="stmt" count="0"/>
        <metrics loc="82" ncloc="77" classes="1" methods="6" coveredmethods="0" conditionals="0" coveredconditionals="0" statements="28" coveredstatements="0" elements="34" coveredelements="0"/>
      </file>
    </package>
    <package name="Genusshaus\Http\Controllers\Moderators\Regions">
      <file name="/Users/sebastian/Development/tasty/app/Http/Controllers/Moderators/Regions/RegionsController.php">
        <class name="Genusshaus\Http\Controllers\Moderators\Regions\RegionsController" namespace="Genusshaus\Http\Controllers\Moderators\Regions">
          <metrics complexity="2" methods="2" coveredmethods="2" conditionals="0" coveredconditionals="0" statements="4" coveredstatements="4" elements="6" coveredelements="6"/>
        </class>
        <line num="10" type="method" name="__construct" visibility="public" complexity="1" crap="1" count="2"/>
        <line num="12" type="stmt" count="2"/>
        <line num="13" type="stmt" count="2"/>
        <line num="15" type="method" name="index" visibility="public" complexity="1" crap="1" count="1"/>
        <line num="17" type="stmt" count="1"/>
        <line num="19" type="stmt" count="1"/>
        <metrics loc="21" ncloc="21" classes="1" methods="2" coveredmethods="2" conditionals="0" coveredconditionals="0" statements="4" coveredstatements="4" elements="6" coveredelements="6"/>
      </file>
    </package>
    <package name="Genusshaus\Http\Controllers\Places\Contacts">
      <file name="/Users/sebastian/Development/tasty/app/Http/Controllers/Places/Contacts/ContactsController.php">
        <class name="Genusshaus\Http\Controllers\Places\Contacts\ContactsController" namespace="Genusshaus\Http\Controllers\Places\Contacts">
          <metrics complexity="3" methods="3" coveredmethods="2" conditionals="0" coveredconditionals="0" statements="12" coveredstatements="3" elements="15" coveredelements="5"/>
        </class>
        <line num="11" type="method" name="__construct" visibility="public" complexity="1" crap="1" count="1"/>
        <line num="13" type="stmt" count="1"/>
        <line num="14" type="stmt" count="1"/>
        <line num="16" type="method" name="index" visibility="public" complexity="1" crap="1" count="1"/>
        <line num="18" type="stmt" count="1"/>
        <line num="21" type="method" name="update" visibility="public" complexity="1" crap="2.00" count="0"/>
        <line num="23" type="stmt" count="0"/>
        <line num="25" type="stmt" count="0"/>
        <line num="26" type="stmt" count="0"/>
        <line num="27" type="stmt" count="0"/>
        <line num="28" type="stmt" count="0"/>
        <line num="29" type="stmt" count="0"/>
        <line num="30" type="stmt" count="0"/>
        <line num="31" type="stmt" count="0"/>
        <line num="35" type="stmt" count="0"/>
        <metrics loc="37" ncloc="37" classes="1" methods="3" coveredmethods="2" conditionals="0" coveredconditionals="0" statements="12" coveredstatements="3" elements="15" coveredelements="5"/>
      </file>
    </package>
    <package name="Genusshaus\Http\Controllers\Places\Dashboard">
      <file name="/Users/sebastian/Development/tasty/app/Http/Controllers/Places/Dashboard/DashboardController.php">
        <class name="Genusshaus\Http\Controllers\Places\Dashboard\DashboardController" namespace="Genusshaus\Http\Controllers\Places\Dashboard">
          <metrics complexity="2" methods="2" coveredmethods="2" conditionals="0" coveredconditionals="0" statements="3" coveredstatements="3" elements="5" coveredelements="5"/>
        </class>
        <line num="10" type="method" name="__construct" visibility="public" complexity="1" crap="1" count="1"/>
        <line num="12" type="stmt" count="1"/>
        <line num="13" type="stmt" count="1"/>
        <line num="15" type="method" name="index" visibility="public" complexity="1" crap="1" count="1"/>
        <line num="17" type="stmt" count="1"/>
        <metrics loc="19" ncloc="19" classes="1" methods="2" coveredmethods="2" conditionals="0" coveredconditionals="0" statements="3" coveredstatements="3" elements="5" coveredelements="5"/>
      </file>
    </package>
    <package name="Genusshaus\Http\Controllers\Places\Events">
      <file name="/Users/sebastian/Development/tasty/app/Http/Controllers/Places/Events/EventsController.php">
        <class name="Genusshaus\Http\Controllers\Places\Events\EventsController" namespace="Genusshaus\Http\Controllers\Places\Events">
          <metrics complexity="14" methods="12" coveredmethods="2" conditionals="0" coveredconditionals="0" statements="53" coveredstatements="4" elements="65" coveredelements="6"/>
        </class>
        <line num="15" type="method" name="__construct" visibility="public" complexity="1" crap="1" count="2"/>
        <line num="17" type="stmt" count="2"/>
        <line num="18" type="stmt" count="2"/>
        <line num="20" type="method" name="index" visibility="public" complexity="1" crap="1" count="1"/>
        <line num="22" type="stmt" count="1"/>
        <line num="24" type="stmt" count="1"/>
        <line num="27" type="method" name="create" visibility="public" complexity="1" crap="2.00" count="0"/>
        <line num="29" type="stmt" count="0"/>
        <line num="32" type="method" name="edit" visibility="public" complexity="1" crap="2.00" count="0"/>
        <line num="34" type="stmt" count="0"/>
        <line num="37" type="method" name="store" visibility="public" complexity="1" crap="2.00" count="0"/>
        <line num="39" type="stmt" count="0"/>
        <line num="40" type="stmt" count="0"/>
        <line num="41" type="stmt" count="0"/>
        <line num="42" type="stmt" count="0"/>
        <line num="45" type="stmt" count="0"/>
        <line num="47" type="stmt" count="0"/>
        <line num="48" type="stmt" count="0"/>
        <line num="49" type="stmt" count="0"/>
        <line num="50" type="stmt" count="0"/>
        <line num="53" type="stmt" count="0"/>
        <line num="55" type="stmt" count="0"/>
        <line num="58" type="method" name="update" visibility="public" complexity="1" crap="2.00" count="0"/>
        <line num="60" type="stmt" count="0"/>
        <line num="61" type="stmt" count="0"/>
        <line num="62" type="stmt" count="0"/>
        <line num="63" type="stmt" count="0"/>
        <line num="66" type="stmt" count="0"/>
        <line num="106" type="method" name="publish" visibility="public" complexity="1" crap="2.00" count="0"/>
        <line num="108" type="stmt" count="0"/>
        <line num="109" type="stmt" count="0"/>
        <line num="111" type="stmt" count="0"/>
        <line num="114" type="method" name="unpublish" visibility="public" complexity="1" crap="2.00" count="0"/>
        <line num="116" type="stmt" count="0"/>
        <line num="117" type="stmt" count="0"/>
        <line num="119" type="stmt" count="0"/>
        <line num="122" type="method" name="delete" visibility="public" complexity="1" crap="2.00" count="0"/>
        <line num="124" type="stmt" count="0"/>
        <line num="125" type="stmt" count="0"/>
        <line num="127" type="stmt" count="0"/>
        <line num="129" type="stmt" count="0"/>
        <line num="131" type="stmt" count="0"/>
        <line num="134" type="method" name="createUploadcareObject" visibility="public" complexity="1" crap="2.00" count="0"/>
        <line num="136" type="stmt" count="0"/>
        <line num="138" type="stmt" count="0"/>
        <line num="140" type="stmt" count="0"/>
        <line num="142" type="stmt" count="0"/>
        <line num="143" type="stmt" count="0"/>
        <line num="144" type="stmt" count="0"/>
        <line num="145" type="stmt" count="0"/>
        <line num="148" type="stmt" count="0"/>
        <line num="150" type="stmt" count="0"/>
        <line num="151" type="stmt" count="0"/>
        <line num="152" type="stmt" count="0"/>
        <line num="154" type="method" name="deleteUploadcareObject" visibility="public" complexity="2" crap="6.00" count="0"/>
        <line num="156" type="stmt" count="0"/>
        <line num="159" type="stmt" count="0"/>
        <line num="160" type="stmt" count="0"/>
        <line num="162" type="stmt" count="0"/>
        <line num="164" type="method" name="validateIfUploadcareObjectExists" visibility="public" complexity="2" crap="6.00" count="0"/>
        <line num="166" type="stmt" count="0"/>
        <line num="168" type="stmt" count="0"/>
        <line num="170" type="stmt" count="0"/>
        <line num="171" type="stmt" count="0"/>
        <line num="174" type="stmt" count="0"/>
        <metrics loc="176" ncloc="140" classes="1" methods="12" coveredmethods="2" conditionals="0" coveredconditionals="0" statements="53" coveredstatements="4" elements="65" coveredelements="6"/>
      </file>
    </package>
    <package name="Genusshaus\Http\Controllers\Places\Information">
      <file name="/Users/sebastian/Development/tasty/app/Http/Controllers/Places/Information/InformationController.php">
        <class name="Genusshaus\Http\Controllers\Places\Information\InformationController" namespace="Genusshaus\Http\Controllers\Places\Information">
          <metrics complexity="3" methods="3" coveredmethods="2" conditionals="0" coveredconditionals="0" statements="6" coveredstatements="3" elements="9" coveredelements="5"/>
        </class>
        <line num="11" type="method" name="__construct" visibility="public" complexity="1" crap="1" count="1"/>
        <line num="13" type="stmt" count="1"/>
        <line num="14" type="stmt" count="1"/>
        <line num="16" type="method" name="index" visibility="public" complexity="1" crap="1" count="1"/>
        <line num="18" type="stmt" count="1"/>
        <line num="21" type="method" name="update" visibility="public" complexity="1" crap="2.00" count="0"/>
        <line num="23" type="stmt" count="0"/>
        <line num="24" type="stmt" count="0"/>
        <line num="26" type="stmt" count="0"/>
        <metrics loc="28" ncloc="28" classes="1" methods="3" coveredmethods="2" conditionals="0" coveredconditionals="0" statements="6" coveredstatements="3" elements="9" coveredelements="5"/>
      </file>
    </package>
    <package name="Genusshaus\Http\Controllers\Places\Locations">
      <file name="/Users/sebastian/Development/tasty/app/Http/Controllers/Places/Locations/LocationsController.php">
        <class name="Genusshaus\Http\Controllers\Places\Locations\LocationsController" namespace="Genusshaus\Http\Controllers\Places\Locations">
          <metrics complexity="3" methods="3" coveredmethods="2" conditionals="0" coveredconditionals="0" statements="5" coveredstatements="4" elements="8" coveredelements="6"/>
        </class>
        <line num="11" type="method" name="__construct" visibility="public" complexity="1" crap="1" count="1"/>
        <line num="13" type="stmt" count="1"/>
        <line num="14" type="stmt" count="1"/>
        <line num="16" type="method" name="index" visibility="public" complexity="1" crap="1" count="1"/>
        <line num="18" type="stmt" count="1"/>
        <line num="20" type="stmt" count="1"/>
        <line num="23" type="method" name="update" visibility="public" complexity="1" crap="2.00" count="0"/>
        <line num="25" type="stmt" count="0"/>
        <metrics loc="27" ncloc="27" classes="1" methods="3" coveredmethods="2" conditionals="0" coveredconditionals="0" statements="5" coveredstatements="4" elements="8" coveredelements="6"/>
      </file>
    </package>
    <package name="Genusshaus\Http\Controllers\Places\Medias">
      <file name="/Users/sebastian/Development/tasty/app/Http/Controllers/Places/Medias/MediasController.php">
        <class name="Genusshaus\Http\Controllers\Places\Medias\MediasController" namespace="Genusshaus\Http\Controllers\Places\Medias">
          <metrics complexity="11" methods="6" coveredmethods="2" conditionals="0" coveredconditionals="0" statements="33" coveredstatements="3" elements="39" coveredelements="5"/>
        </class>
        <line num="13" type="method" name="__construct" visibility="public" complexity="1" crap="1" count="1"/>
        <line num="15" type="stmt" count="1"/>
        <line num="16" type="stmt" count="1"/>
        <line num="18" type="method" name="index" visibility="public" complexity="1" crap="1" count="1"/>
        <line num="20" type="stmt" count="1"/>
        <line num="23" type="method" name="deleteUploadcareObject" visibility="public" complexity="2" crap="6.00" count="0"/>
        <line num="25" type="stmt" count="0"/>
        <line num="28" type="stmt" count="0"/>
        <line num="29" type="stmt" count="0"/>
        <line num="31" type="stmt" count="0"/>
        <line num="33" type="method" name="createUploadcareObject" visibility="public" complexity="1" crap="2.00" count="0"/>
        <line num="35" type="stmt" count="0"/>
        <line num="36" type="stmt" count="0"/>
        <line num="38" type="stmt" count="0"/>
        <line num="40" type="stmt" count="0"/>
        <line num="41" type="stmt" count="0"/>
        <line num="42" type="stmt" count="0"/>
        <line num="43" type="stmt" count="0"/>
        <line num="46" type="stmt" count="0"/>
        <line num="48" type="stmt" count="0"/>
        <line num="49" type="stmt" count="0"/>
        <line num="50" type="stmt" count="0"/>
        <line num="52" type="method" name="validateIfUploadcareObjectExists" visibility="public" complexity="2" crap="6.00" count="0"/>
        <line num="54" type="stmt" count="0"/>
        <line num="56" type="stmt" count="0"/>
        <line num="58" type="stmt" count="0"/>
        <line num="59" type="stmt" count="0"/>
        <line num="62" type="stmt" count="0"/>
        <line num="65" type="method" name="update" visibility="public" complexity="4" crap="20.00" count="0"/>
        <line num="67" type="stmt" count="0"/>
        <line num="68" type="stmt" count="0"/>
        <line num="71" type="stmt" count="0"/>
        <line num="72" type="stmt" count="0"/>
        <line num="73" type="stmt" count="0"/>
        <line num="75" type="stmt" count="0"/>
        <line num="77" type="stmt" count="0"/>
        <line num="78" type="stmt" count="0"/>
        <line num="81" type="stmt" count="0"/>
        <line num="84" type="stmt" count="0"/>
        <metrics loc="86" ncloc="86" classes="1" methods="6" coveredmethods="2" conditionals="0" coveredconditionals="0" statements="33" coveredstatements="3" elements="39" coveredelements="5"/>
      </file>
    </package>
    <package name="Genusshaus\Http\Controllers\Places\Openings">
      <file name="/Users/sebastian/Development/tasty/app/Http/Controllers/Places/Openings/OpeningsController.php">
        <class name="Genusshaus\Http\Controllers\Places\Openings\OpeningsController" namespace="Genusshaus\Http\Controllers\Places\Openings">
          <metrics complexity="2" methods="2" coveredmethods="2" conditionals="0" coveredconditionals="0" statements="3" coveredstatements="3" elements="5" coveredelements="5"/>
        </class>
        <line num="10" type="method" name="__construct" visibility="public" complexity="1" crap="1" count="1"/>
        <line num="12" type="stmt" count="1"/>
        <line num="13" type="stmt" count="1"/>
        <line num="15" type="method" name="index" visibility="public" complexity="1" crap="1" count="1"/>
        <line num="24" type="stmt" count="1"/>
        <metrics loc="26" ncloc="20" classes="1" methods="2" coveredmethods="2" conditionals="0" coveredconditionals="0" statements="3" coveredstatements="3" elements="5" coveredelements="5"/>
      </file>
    </package>
    <package name="Genusshaus\Http\Controllers\Places\Posts">
      <file name="/Users/sebastian/Development/tasty/app/Http/Controllers/Places/Posts/PostsController.php">
        <class name="Genusshaus\Http\Controllers\Places\Posts\PostsController" namespace="Genusshaus\Http\Controllers\Places\Posts">
          <metrics complexity="9" methods="9" coveredmethods="2" conditionals="0" coveredconditionals="0" statements="37" coveredstatements="4" elements="46" coveredelements="6"/>
        </class>
        <line num="13" type="method" name="__construct" visibility="public" complexity="1" crap="1" count="2"/>
        <line num="15" type="stmt" count="2"/>
        <line num="16" type="stmt" count="2"/>
        <line num="18" type="method" name="index" visibility="public" complexity="1" crap="1" count="1"/>
        <line num="20" type="stmt" count="1"/>
        <line num="22" type="stmt" count="1"/>
        <line num="25" type="method" name="create" visibility="public" complexity="1" crap="2.00" count="0"/>
        <line num="27" type="stmt" count="0"/>
        <line num="30" type="method" name="edit" visibility="public" complexity="1" crap="2.00" count="0"/>
        <line num="32" type="stmt" count="0"/>
        <line num="35" type="method" name="store" visibility="public" complexity="1" crap="2.00" count="0"/>
        <line num="37" type="stmt" count="0"/>
        <line num="38" type="stmt" count="0"/>
        <line num="39" type="stmt" count="0"/>
        <line num="40" type="stmt" count="0"/>
        <line num="41" type="stmt" count="0"/>
        <line num="42" type="stmt" count="0"/>
        <line num="46" type="stmt" count="0"/>
        <line num="48" type="stmt" count="0"/>
        <line num="49" type="stmt" count="0"/>
        <line num="50" type="stmt" count="0"/>
        <line num="51" type="stmt" count="0"/>
        <line num="54" type="stmt" count="0"/>
        <line num="56" type="stmt" count="0"/>
        <line num="59" type="method" name="update" visibility="public" complexity="1" crap="2.00" count="0"/>
        <line num="61" type="stmt" count="0"/>
        <line num="62" type="stmt" count="0"/>
        <line num="63" type="stmt" count="0"/>
        <line num="64" type="stmt" count="0"/>
        <line num="65" type="stmt" count="0"/>
        <line num="66" type="stmt" count="0"/>
        <line num="70" type="stmt" count="0"/>
        <line num="73" type="method" name="publish" visibility="public" complexity="1" crap="2.00" count="0"/>
        <line num="75" type="stmt" count="0"/>
        <line num="76" type="stmt" count="0"/>
        <line num="78" type="stmt" count="0"/>
        <line num="81" type="method" name="unpublish" visibility="public" complexity="1" crap="2.00" count="0"/>
        <line num="83" type="stmt" count="0"/>
        <line num="84" type="stmt" count="0"/>
        <line num="86" type="stmt" count="0"/>
        <line num="89" type="method" name="delete" visibility="public" complexity="1" crap="2.00" count="0"/>
        <line num="91" type="stmt" count="0"/>
        <line num="92" type="stmt" count="0"/>
        <line num="94" type="stmt" count="0"/>
        <line num="96" type="stmt" count="0"/>
        <line num="98" type="stmt" count="0"/>
        <metrics loc="100" ncloc="100" classes="1" methods="9" coveredmethods="2" conditionals="0" coveredconditionals="0" statements="37" coveredstatements="4" elements="46" coveredelements="6"/>
      </file>
    </package>
    <package name="Genusshaus\Http\Controllers\Places\Settings">
      <file name="/Users/sebastian/Development/tasty/app/Http/Controllers/Places/Settings/SettingsController.php">
        <class name="Genusshaus\Http\Controllers\Places\Settings\SettingsController" namespace="Genusshaus\Http\Controllers\Places\Settings">
          <metrics complexity="4" methods="4" coveredmethods="2" conditionals="0" coveredconditionals="0" statements="9" coveredstatements="3" elements="13" coveredelements="5"/>
        </class>
        <line num="10" type="method" name="__construct" visibility="public" complexity="1" crap="1" count="1"/>
        <line num="12" type="stmt" count="1"/>
        <line num="13" type="stmt" count="1"/>
        <line num="15" type="method" name="index" visibility="public" complexity="1" crap="1" count="1"/>
        <line num="17" type="stmt" count="1"/>
        <line num="20" type="method" name="unpublish" visibility="public" complexity="1" crap="2.00" count="0"/>
        <line num="22" type="stmt" count="0"/>
        <line num="23" type="stmt" count="0"/>
        <line num="27" type="stmt" count="0"/>
        <line num="30" type="method" name="review" visibility="public" complexity="1" crap="2.00" count="0"/>
        <line num="32" type="stmt" count="0"/>
        <line num="33" type="stmt" count="0"/>
        <line num="37" type="stmt" count="0"/>
        <metrics loc="39" ncloc="35" classes="1" methods="4" coveredmethods="2" conditionals="0" coveredconditionals="0" statements="9" coveredstatements="3" elements="13" coveredelements="5"/>
      </file>
    </package>
    <package name="Genusshaus\Http\Controllers\Supporters">
      <file name="/Users/sebastian/Development/tasty/app/Http/Controllers/Supporters/SupportersController.php">
        <class name="Genusshaus\Http\Controllers\Supporters\SupportersController" namespace="Genusshaus\Http\Controllers\Supporters">
          <metrics complexity="5" methods="4" coveredmethods="2" conditionals="0" coveredconditionals="0" statements="11" coveredstatements="4" elements="15" coveredelements="6"/>
        </class>
        <line num="11" type="method" name="__construct" visibility="public" complexity="1" crap="1" count="2"/>
        <line num="13" type="stmt" count="2"/>
        <line num="14" type="stmt" count="2"/>
        <line num="15" type="stmt" count="2"/>
        <line num="17" type="method" name="index" visibility="public" complexity="1" crap="1" count="1"/>
        <line num="19" type="stmt" count="1"/>
        <line num="22" type="method" name="store" visibility="public" complexity="2" crap="6.00" count="0"/>
        <line num="24" type="stmt" count="0"/>
        <line num="26" type="stmt" count="0"/>
        <line num="27" type="stmt" count="0"/>
        <line num="29" type="stmt" count="0"/>
        <line num="32" type="stmt" count="0"/>
        <line num="35" type="method" name="destroy" visibility="public" complexity="1" crap="2.00" count="0"/>
        <line num="37" type="stmt" count="0"/>
        <line num="39" type="stmt" count="0"/>
        <metrics loc="41" ncloc="41" classes="1" methods="4" coveredmethods="2" conditionals="0" coveredconditionals="0" statements="11" coveredstatements="4" elements="15" coveredelements="6"/>
      </file>
    </package>
    <package name="Genusshaus\Http\Controllers\Users\Dashboard">
      <file name="/Users/sebastian/Development/tasty/app/Http/Controllers/Users/Dashboard/DashboardController.php">
        <class name="Genusshaus\Http\Controllers\Users\Dashboard\DashboardController" namespace="Genusshaus\Http\Controllers\Users\Dashboard">
          <metrics complexity="2" methods="2" coveredmethods="0" conditionals="0" coveredconditionals="0" statements="4" coveredstatements="0" elements="6" coveredelements="0"/>
        </class>
        <line num="15" type="method" name="__construct" visibility="public" complexity="1" crap="2.00" count="0"/>
        <line num="17" type="stmt" count="0"/>
        <line num="18" type="stmt" count="0"/>
        <line num="25" type="method" name="index" visibility="public" complexity="1" crap="2.00" count="0"/>
        <line num="27" type="stmt" count="0"/>
        <line num="29" type="stmt" count="0"/>
        <metrics loc="31" ncloc="21" classes="1" methods="2" coveredmethods="0" conditionals="0" coveredconditionals="0" statements="4" coveredstatements="0" elements="6" coveredelements="0"/>
      </file>
    </package>
    <package name="Genusshaus\Http\Controllers\Users\Profile">
      <file name="/Users/sebastian/Development/tasty/app/Http/Controllers/Users/Profile/PasswordController.php">
        <class name="Genusshaus\Http\Controllers\Users\Profile\PasswordController" namespace="Genusshaus\Http\Controllers\Users\Profile">
          <metrics complexity="4" methods="3" coveredmethods="0" conditionals="0" coveredconditionals="0" statements="11" coveredstatements="0" elements="14" coveredelements="0"/>
        </class>
        <line num="15" type="method" name="__construct" visibility="public" complexity="1" crap="2.00" count="0"/>
        <line num="17" type="stmt" count="0"/>
        <line num="18" type="stmt" count="0"/>
        <line num="20" type="method" name="index" visibility="public" complexity="1" crap="2.00" count="0"/>
        <line num="22" type="stmt" count="0"/>
        <line num="24" type="method" name="update" visibility="public" complexity="2" crap="6.00" count="0"/>
        <line num="26" type="stmt" count="0"/>
        <line num="28" type="stmt" count="0"/>
        <line num="29" type="stmt" count="0"/>
        <line num="32" type="stmt" count="0"/>
        <line num="33" type="stmt" count="0"/>
        <line num="35" type="stmt" count="0"/>
        <line num="37" type="stmt" count="0"/>
        <line num="39" type="stmt" count="0"/>
        <metrics loc="41" ncloc="41" classes="1" methods="3" coveredmethods="0" conditionals="0" coveredconditionals="0" statements="11" coveredstatements="0" elements="14" coveredelements="0"/>
      </file>
      <file name="/Users/sebastian/Development/tasty/app/Http/Controllers/Users/Profile/ProfileController.php">
        <class name="Genusshaus\Http\Controllers\Users\Profile\ProfileController" namespace="Genusshaus\Http\Controllers\Users\Profile">
          <metrics complexity="4" methods="3" coveredmethods="2" conditionals="0" coveredconditionals="0" statements="11" coveredstatements="4" elements="14" coveredelements="6"/>
        </class>
[...]
        <line num="16" type="stmt" count="0"/>
        <line num="24" type="method" name="rules" visibility="public" complexity="1" crap="2.00" count="0"/>
        <line num="27" type="stmt" count="0"/>
        <metrics loc="32" ncloc="22" classes="1" methods="2" coveredmethods="0" conditionals="0" coveredconditionals="0" statements="2" coveredstatements="0" elements="4" coveredelements="0"/>
      </file>
    </package>
    <package name="Genusshaus\Http\Requests\Moderators\Places\Locations">
      <file name="/Users/sebastian/Development/tasty/app/Http/Requests/Moderators/Places/Locations/UpdateLocationsRequest.php">
        <class name="Genusshaus\Http\Requests\Moderators\Places\Locations\UpdateLocationsRequest" namespace="Genusshaus\Http\Requests\Moderators\Places\Locations">
          <metrics complexity="2" methods="2" coveredmethods="0" conditionals="0" coveredconditionals="0" statements="2" coveredstatements="0" elements="4" coveredelements="0"/>
        </class>
        <line num="14" type="method" name="authorize" visibility="public" complexity="1" crap="2.00" count="0"/>
        <line num="16" type="stmt" count="0"/>
        <line num="24" type="method" name="rules" visibility="public" complexity="1" crap="2.00" count="0"/>
        <line num="27" type="stmt" count="0"/>
        <metrics loc="30" ncloc="20" classes="1" methods="2" coveredmethods="0" conditionals="0" coveredconditionals="0" statements="2" coveredstatements="0" elements="4" coveredelements="0"/>
      </file>
    </package>
    <package name="Genusshaus\Http\Requests\Moderators\Places">
      <file name="/Users/sebastian/Development/tasty/app/Http/Requests/Moderators/Places/StorePlacesRequest.php">
        <class name="Genusshaus\Http\Requests\Moderators\Places\StorePlacesRequest" namespace="Genusshaus\Http\Requests\Moderators\Places">
          <metrics complexity="2" methods="2" coveredmethods="0" conditionals="0" coveredconditionals="0" statements="2" coveredstatements="0" elements="4" coveredelements="0"/>
        </class>
        <line num="14" type="method" name="authorize" visibility="public" complexity="1" crap="2.00" count="0"/>
        <line num="16" type="stmt" count="0"/>
        <line num="24" type="method" name="rules" visibility="public" complexity="1" crap="2.00" count="0"/>
        <line num="27" type="stmt" count="0"/>
        <metrics loc="32" ncloc="22" classes="1" methods="2" coveredmethods="0" conditionals="0" coveredconditionals="0" statements="2" coveredstatements="0" elements="4" coveredelements="0"/>
      </file>
    </package>
    <package name="Genusshaus\Http\Requests\Moderators\Places\Users">
      <file name="/Users/sebastian/Development/tasty/app/Http/Requests/Moderators/Places/Users/AssignUserRequest.php">
        <class name="Genusshaus\Http\Requests\Moderators\Places\Users\AssignUserRequest" namespace="Genusshaus\Http\Requests\Moderators\Places\Users">
          <metrics complexity="2" methods="2" coveredmethods="0" conditionals="0" coveredconditionals="0" statements="2" coveredstatements="0" elements="4" coveredelements="0"/>
        </class>
        <line num="14" type="method" name="authorize" visibility="public" complexity="1" crap="2.00" count="0"/>
        <line num="16" type="stmt" count="0"/>
        <line num="24" type="method" name="rules" visibility="public" complexity="1" crap="2.00" count="0"/>
        <line num="27" type="stmt" count="0"/>
        <metrics loc="30" ncloc="20" classes="1" methods="2" coveredmethods="0" conditionals="0" coveredconditionals="0" statements="2" coveredstatements="0" elements="4" coveredelements="0"/>
      </file>
    </package>
    <package name="Genusshaus\Http\Requests\Places\Contacts">
      <file name="/Users/sebastian/Development/tasty/app/Http/Requests/Places/Contacts/StoreContactsRequest.php">
        <class name="Genusshaus\Http\Requests\Places\Contacts\StoreContactsRequest" namespace="Genusshaus\Http\Requests\Places\Contacts">
          <metrics complexity="2" methods="2" coveredmethods="0" conditionals="0" coveredconditionals="0" statements="2" coveredstatements="0" elements="4" coveredelements="0"/>
        </class>
        <line num="14" type="method" name="authorize" visibility="public" complexity="1" crap="2.00" count="0"/>
        <line num="16" type="stmt" count="0"/>
        <line num="24" type="method" name="rules" visibility="public" complexity="1" crap="2.00" count="0"/>
        <line num="27" type="stmt" count="0"/>
        <metrics loc="36" ncloc="26" classes="1" methods="2" coveredmethods="0" conditionals="0" coveredconditionals="0" statements="2" coveredstatements="0" elements="4" coveredelements="0"/>
      </file>
    </package>
    <package name="Genusshaus\Http\Requests\Places\Events">
      <file name="/Users/sebastian/Development/tasty/app/Http/Requests/Places/Events/StoreEventsRequest.php">
        <class name="Genusshaus\Http\Requests\Places\Events\StoreEventsRequest" namespace="Genusshaus\Http\Requests\Places\Events">
          <metrics complexity="2" methods="2" coveredmethods="0" conditionals="0" coveredconditionals="0" statements="5" coveredstatements="0" elements="7" coveredelements="0"/>
        </class>
        <line num="15" type="method" name="authorize" visibility="public" complexity="1" crap="2.00" count="0"/>
        <line num="17" type="stmt" count="0"/>
        <line num="25" type="method" name="rules" visibility="public" complexity="1" crap="2.00" count="0"/>
        <line num="28" type="stmt" count="0"/>
        <line num="29" type="stmt" count="0"/>
        <line num="30" type="stmt" count="0"/>
        <line num="31" type="stmt" count="0"/>
        <metrics loc="34" ncloc="24" classes="1" methods="2" coveredmethods="0" conditionals="0" coveredconditionals="0" statements="5" coveredstatements="0" elements="7" coveredelements="0"/>
      </file>
      <file name="/Users/sebastian/Development/tasty/app/Http/Requests/Places/Events/UpdateEventsRequest.php">
        <class name="Genusshaus\Http\Requests\Places\Events\UpdateEventsRequest" namespace="Genusshaus\Http\Requests\Places\Events">
          <metrics complexity="2" methods="2" coveredmethods="0" conditionals="0" coveredconditionals="0" statements="2" coveredstatements="0" elements="4" coveredelements="0"/>
        </class>
        <line num="14" type="method" name="authorize" visibility="public" complexity="1" crap="2.00" count="0"/>
        <line num="16" type="stmt" count="0"/>
        <line num="24" type="method" name="rules" visibility="public" complexity="1" crap="2.00" count="0"/>
        <line num="27" type="stmt" count="0"/>
        <metrics loc="32" ncloc="22" classes="1" methods="2" coveredmethods="0" conditionals="0" coveredconditionals="0" statements="2" coveredstatements="0" elements="4" coveredelements="0"/>
      </file>
    </package>
    <package name="Genusshaus\Http\Requests\Places\Information">
      <file name="/Users/sebastian/Development/tasty/app/Http/Requests/Places/Information/UpdateInformationRequest.php">
        <class name="Genusshaus\Http\Requests\Places\Information\UpdateInformationRequest" namespace="Genusshaus\Http\Requests\Places\Information">
          <metrics complexity="2" methods="2" coveredmethods="0" conditionals="0" coveredconditionals="0" statements="2" coveredstatements="0" elements="4" coveredelements="0"/>
        </class>
        <line num="14" type="method" name="authorize" visibility="public" complexity="1" crap="2.00" count="0"/>
        <line num="16" type="stmt" count="0"/>
        <line num="24" type="method" name="rules" visibility="public" complexity="1" crap="2.00" count="0"/>
        <line num="27" type="stmt" count="0"/>
        <metrics loc="30" ncloc="20" classes="1" methods="2" coveredmethods="0" conditionals="0" coveredconditionals="0" statements="2" coveredstatements="0" elements="4" coveredelements="0"/>
      </file>
    </package>
    <package name="Genusshaus\Http\Requests\Places\Medias">
      <file name="/Users/sebastian/Development/tasty/app/Http/Requests/Places/Medias/StoreMediasRequest.php">
        <class name="Genusshaus\Http\Requests\Places\Medias\StoreMediasRequest" namespace="Genusshaus\Http\Requests\Places\Medias">
          <metrics complexity="2" methods="2" coveredmethods="0" conditionals="0" coveredconditionals="0" statements="3" coveredstatements="0" elements="5" coveredelements="0"/>
        </class>
        <line num="14" type="method" name="authorize" visibility="public" complexity="1" crap="2.00" count="0"/>
        <line num="16" type="stmt" count="0"/>
        <line num="24" type="method" name="rules" visibility="public" complexity="1" crap="2.00" count="0"/>
        <line num="26" type="stmt" count="0"/>
        <line num="29" type="stmt" count="0"/>
        <metrics loc="32" ncloc="22" classes="1" methods="2" coveredmethods="0" conditionals="0" coveredconditionals="0" statements="3" coveredstatements="0" elements="5" coveredelements="0"/>
      </file>
    </package>
    <package name="Genusshaus\Http\Requests\Places\Places">
      <file name="/Users/sebastian/Development/tasty/app/Http/Requests/Places/Places/StorePlacesRequest.php">
        <class name="Genusshaus\Http\Requests\Places\Places\StorePlacesRequest" namespace="Genusshaus\Http\Requests\Places\Places">
          <metrics complexity="2" methods="2" coveredmethods="0" conditionals="0" coveredconditionals="0" statements="2" coveredstatements="0" elements="4" coveredelements="0"/>
        </class>
        <line num="14" type="method" name="authorize" visibility="public" complexity="1" crap="2.00" count="0"/>
        <line num="16" type="stmt" count="0"/>
        <line num="24" type="method" name="rules" visibility="public" complexity="1" crap="2.00" count="0"/>
        <line num="27" type="stmt" count="0"/>
        <metrics loc="32" ncloc="22" classes="1" methods="2" coveredmethods="0" conditionals="0" coveredconditionals="0" statements="2" coveredstatements="0" elements="4" coveredelements="0"/>
      </file>
    </package>
    <package name="Genusshaus\Http\Requests\Places\Posts">
      <file name="/Users/sebastian/Development/tasty/app/Http/Requests/Places/Posts/StorePostsRequest.php">
        <class name="Genusshaus\Http\Requests\Places\Posts\StorePostsRequest" namespace="Genusshaus\Http\Requests\Places\Posts">
          <metrics complexity="2" methods="2" coveredmethods="0" conditionals="0" coveredconditionals="0" statements="2" coveredstatements="0" elements="4" coveredelements="0"/>
        </class>
        <line num="14" type="method" name="authorize" visibility="public" complexity="1" crap="2.00" count="0"/>
        <line num="16" type="stmt" count="0"/>
        <line num="24" type="method" name="rules" visibility="public" complexity="1" crap="2.00" count="0"/>
        <line num="27" type="stmt" count="0"/>
        <metrics loc="35" ncloc="25" classes="1" methods="2" coveredmethods="0" conditionals="0" coveredconditionals="0" statements="2" coveredstatements="0" elements="4" coveredelements="0"/>
      </file>
      <file name="/Users/sebastian/Development/tasty/app/Http/Requests/Places/Posts/UpdatePostsRequest.php">
        <class name="Genusshaus\Http\Requests\Places\Posts\UpdatePostsRequest" namespace="Genusshaus\Http\Requests\Places\Posts">
          <metrics complexity="2" methods="2" coveredmethods="0" conditionals="0" coveredconditionals="0" statements="2" coveredstatements="0" elements="4" coveredelements="0"/>
        </class>
        <line num="14" type="method" name="authorize" visibility="public" complexity="1" crap="2.00" count="0"/>
        <line num="16" type="stmt" count="0"/>
        <line num="24" type="method" name="rules" visibility="public" complexity="1" crap="2.00" count="0"/>
        <line num="27" type="stmt" count="0"/>
        <metrics loc="34" ncloc="24" classes="1" methods="2" coveredmethods="0" conditionals="0" coveredconditionals="0" statements="2" coveredstatements="0" elements="4" coveredelements="0"/>
      </file>
    </package>
    <package name="Genusshaus\Http\Requests\Places\Regions">
      <file name="/Users/sebastian/Development/tasty/app/Http/Requests/Places/Regions/StoreRegionsRequest.php">
        <class name="Genusshaus\Http\Requests\Places\Regions\StoreRegionsRequest" namespace="Genusshaus\Http\Requests\Places\Regions">
          <metrics complexity="2" methods="2" coveredmethods="0" conditionals="0" coveredconditionals="0" statements="2" coveredstatements="0" elements="4" coveredelements="0"/>
        </class>
        <line num="14" type="method" name="authorize" visibility="public" complexity="1" crap="2.00" count="0"/>
        <line num="16" type="stmt" count="0"/>
        <line num="24" type="method" name="rules" visibility="public" complexity="1" crap="2.00" count="0"/>
        <line num="27" type="stmt" count="0"/>
        <metrics loc="30" ncloc="20" classes="1" methods="2" coveredmethods="0" conditionals="0" coveredconditionals="0" statements="2" coveredstatements="0" elements="4" coveredelements="0"/>
      </file>
    </package>
    <package name="Genusshaus\Http\Requests\Supporters">
      <file name="/Users/sebastian/Development/tasty/app/Http/Requests/Supporters/StartImpersonateRequest.php">
        <class name="Genusshaus\Http\Requests\Supporters\StartImpersonateRequest" namespace="Genusshaus\Http\Requests\Supporters">
          <metrics complexity="3" methods="2" coveredmethods="0" conditionals="0" coveredconditionals="0" statements="3" coveredstatements="0" elements="5" coveredelements="0"/>
        </class>
        <line num="15" type="method" name="authorize" visibility="public" complexity="1" crap="2.00" count="0"/>
        <line num="17" type="stmt" count="0"/>
        <line num="29" type="method" name="anonymousFunction:29#102" complexity="1" crap="2.00" count="0"/>
        <line num="30" type="stmt" count="0"/>
        <line num="31" type="stmt" count="0"/>
        <metrics loc="35" ncloc="25" classes="1" methods="2" coveredmethods="0" conditionals="0" coveredconditionals="0" statements="3" coveredstatements="0" elements="5" coveredelements="0"/>
      </file>
    </package>
    <package name="Genusshaus\Http\Requests\Users\Profile">
      <file name="/Users/sebastian/Development/tasty/app/Http/Requests/Users/Profile/UpdatePasswordRequest.php">
        <class name="Genusshaus\Http\Requests\Users\Profile\UpdatePasswordRequest" namespace="Genusshaus\Http\Requests\Users\Profile">
          <metrics complexity="2" methods="2" coveredmethods="0" conditionals="0" coveredconditionals="0" statements="2" coveredstatements="0" elements="4" coveredelements="0"/>
        </class>
        <line num="14" type="method" name="authorize" visibility="public" complexity="1" crap="2.00" count="0"/>
        <line num="16" type="stmt" count="0"/>
        <line num="24" type="method" name="rules" visibility="public" complexity="1" crap="2.00" count="0"/>
        <line num="27" type="stmt" count="0"/>
        <metrics loc="30" ncloc="20" classes="1" methods="2" coveredmethods="0" conditionals="0" coveredconditionals="0" statements="2" coveredstatements="0" elements="4" coveredelements="0"/>
      </file>
      <file name="/Users/sebastian/Development/tasty/app/Http/Requests/Users/Profile/UpdateProfileRequest.php">
        <class name="Genusshaus\Http\Requests\Users\Profile\UpdateProfileRequest" namespace="Genusshaus\Http\Requests\Users\Profile">
          <metrics complexity="2" methods="2" coveredmethods="0" conditionals="0" coveredconditionals="0" statements="4" coveredstatements="0" elements="6" coveredelements="0"/>
        </class>
        <line num="15" type="method" name="authorize" visibility="public" complexity="1" crap="2.00" count="0"/>
        <line num="17" type="stmt" count="0"/>
        <line num="25" type="method" name="rules" visibility="public" complexity="1" crap="2.00" count="0"/>
        <line num="27" type="stmt" count="0"/>
        <line num="30" type="stmt" count="0"/>
        <line num="31" type="stmt" count="0"/>
        <metrics loc="34" ncloc="24" classes="1" methods="2" coveredmethods="0" conditionals="0" coveredconditionals="0" statements="4" coveredstatements="0" elements="6" coveredelements="0"/>
      </file>
    </package>
    <package name="Genusshaus\Http\Requests\Users\Support">
      <file name="/Users/sebastian/Development/tasty/app/Http/Requests/Users/Support/SendSupportRequest.php">
        <class name="Genusshaus\Http\Requests\Users\Support\SendSupportRequest" namespace="Genusshaus\Http\Requests\Users\Support">
          <metrics complexity="2" methods="2" coveredmethods="0" conditionals="0" coveredconditionals="0" statements="2" coveredstatements="0" elements="4" coveredelements="0"/>
        </class>
        <line num="14" type="method" name="authorize" visibility="public" complexity="1" crap="2.00" count="0"/>
        <line num="16" type="stmt" count="0"/>
        <line num="24" type="method" name="rules" visibility="public" complexity="1" crap="2.00" count="0"/>
        <line num="27" type="stmt" count="0"/>
        <metrics loc="31" ncloc="21" classes="1" methods="2" coveredmethods="0" conditionals="0" coveredconditionals="0" statements="2" coveredstatements="0" elements="4" coveredelements="0"/>
      </file>
    </package>
    <package name="Genusshaus\Http\Requests\Webhooks">
      <file name="/Users/sebastian/Development/tasty/app/Http/Requests/Webhooks/InvitationsRegisterRequest.php">
        <class name="Genusshaus\Http\Requests\Webhooks\InvitationsRegisterRequest" namespace="Genusshaus\Http\Requests\Webhooks">
          <metrics complexity="2" methods="2" coveredmethods="0" conditionals="0" coveredconditionals="0" statements="2" coveredstatements="0" elements="4" coveredelements="0"/>
        </class>
        <line num="14" type="method" name="authorize" visibility="public" complexity="1" crap="2.00" count="0"/>
        <line num="16" type="stmt" count="0"/>
        <line num="24" type="method" name="rules" visibility="public" complexity="1" crap="2.00" count="0"/>
        <line num="27" type="stmt" count="0"/>
        <metrics loc="31" ncloc="21" classes="1" methods="2" coveredmethods="0" conditionals="0" coveredconditionals="0" statements="2" coveredstatements="0" elements="4" coveredelements="0"/>
      </file>
      <file name="/Users/sebastian/Development/tasty/app/Http/Requests/Webhooks/InvitationsStorePasswordRequest.php">
        <class name="Genusshaus\Http\Requests\Webhooks\InvitationsStorePasswordRequest" namespace="Genusshaus\Http\Requests\Webhooks">
          <metrics complexity="2" methods="2" coveredmethods="0" conditionals="0" coveredconditionals="0" statements="2" coveredstatements="0" elements="4" coveredelements="0"/>
        </class>
        <line num="14" type="method" name="authorize" visibility="public" complexity="1" crap="2.00" count="0"/>
        <line num="16" type="stmt" count="0"/>
        <line num="24" type="method" name="rules" visibility="public" complexity="1" crap="2.00" count="0"/>
        <line num="27" type="stmt" count="0"/>
        <metrics loc="31" ncloc="21" classes="1" methods="2" coveredmethods="0" conditionals="0" coveredconditionals="0" statements="2" coveredstatements="0" elements="4" coveredelements="0"/>
      </file>
    </package>
    <file name="/Users/sebastian/Development/tasty/app/helpers.php">
      <line num="6" type="stmt" count="18"/>
      <line num="7" type="stmt" count="18"/>
      <line num="9" type="stmt" count="18"/>
      <metrics loc="10" ncloc="10" classes="0" methods="0" coveredmethods="0" conditionals="0" coveredconditionals="0" statements="3" coveredstatements="3" elements="3" coveredelements="3"/>
    </file>
    <metrics files="89" loc="3450" ncloc="2716" classes="81" methods="228" coveredmethods="81" conditionals="0" coveredconditionals="0" statements="591" coveredstatements="151" elements="819" coveredelements="232"/>
  </project>
</coverage>
