<?xml version="1.0" encoding="UTF-8"?>
<coverage generated="1519689590">
  <project timestamp="1519689590">
    <package name="Genusshaus\App\Console\Commands">
      <file name="/home/vagrant/smartgate/do.genusshaus/app/App/Console/Commands/RecommendationSetUp.php">
        <class name="Genusshaus\App\Console\Commands\RecommendationSetUp" namespace="Genusshaus\App\Console\Commands">
          <metrics complexity="5" methods="2" coveredmethods="1" conditionals="0" coveredconditionals="0" statements="26" coveredstatements="2" elements="28" coveredelements="3"/>
        </class>
        <line num="36" type="method" name="__construct" visibility="public" complexity="1" crap="1" count="17"/>
        <line num="38" type="stmt" count="17"/>
        <line num="39" type="stmt" count="17"/>
        <line num="46" type="method" name="handle" visibility="public" complexity="4" crap="20.00" count="0"/>
        <line num="48" type="stmt" count="0"/>
        <line num="50" type="stmt" count="0"/>
        <line num="52" type="stmt" count="0"/>
        <line num="54" type="stmt" count="0"/>
        <line num="56" type="stmt" count="0"/>
        <line num="58" type="stmt" count="0"/>
        <line num="60" type="stmt" count="0"/>
        <line num="62" type="stmt" count="0"/>
        <line num="64" type="stmt" count="0"/>
        <line num="66" type="stmt" count="0"/>
        <line num="68" type="stmt" count="0"/>
        <line num="70" type="stmt" count="0"/>
        <line num="72" type="stmt" count="0"/>
        <line num="74" type="stmt" count="0"/>
        <line num="76" type="stmt" count="0"/>
        <line num="77" type="stmt" count="0"/>
        <line num="80" type="stmt" count="0"/>
        <line num="82" type="stmt" count="0"/>
        <line num="83" type="stmt" count="0"/>
        <line num="86" type="stmt" count="0"/>
        <line num="88" type="stmt" count="0"/>
        <line num="89" type="stmt" count="0"/>
        <line num="92" type="stmt" count="0"/>
        <line num="93" type="stmt" count="0"/>
        <metrics loc="94" ncloc="74" classes="1" methods="2" coveredmethods="1" conditionals="0" coveredconditionals="0" statements="26" coveredstatements="2" elements="28" coveredelements="3"/>
      </file>
      <file name="/home/vagrant/smartgate/do.genusshaus/app/App/Console/Commands/SampleData.php">
        <class name="Genusshaus\App\Console\Commands\SampleData" namespace="Genusshaus\App\Console\Commands">
          <metrics complexity="2" methods="2" coveredmethods="1" conditionals="0" coveredconditionals="0" statements="9" coveredstatements="2" elements="11" coveredelements="3"/>
        </class>
        <line num="28" type="method" name="__construct" visibility="public" complexity="1" crap="1" count="17"/>
        <line num="30" type="stmt" count="17"/>
        <line num="31" type="stmt" count="17"/>
        <line num="38" type="method" name="handle" visibility="public" complexity="1" crap="2.00" count="0"/>
        <line num="40" type="stmt" count="0"/>
        <line num="42" type="stmt" count="0"/>
        <line num="44" type="stmt" count="0"/>
        <line num="46" type="stmt" count="0"/>
        <line num="48" type="stmt" count="0"/>
        <line num="50" type="stmt" count="0"/>
        <line num="51" type="stmt" count="0"/>
        <metrics loc="52" ncloc="32" classes="1" methods="2" coveredmethods="1" conditionals="0" coveredconditionals="0" statements="9" coveredstatements="2" elements="11" coveredelements="3"/>
      </file>
    </package>
    <package name="Genusshaus\App\Console">
      <file name="/home/vagrant/smartgate/do.genusshaus/app/App/Console/Kernel.php">
        <class name="Genusshaus\App\Console\Kernel" namespace="Genusshaus\App\Console">
          <metrics complexity="2" methods="2" coveredmethods="2" conditionals="0" coveredconditionals="0" statements="4" coveredstatements="4" elements="6" coveredelements="6"/>
        </class>
        <line num="26" type="method" name="schedule" visibility="protected" complexity="1" crap="1" count="17"/>
        <line num="28" type="stmt" count="17"/>
        <line num="35" type="method" name="commands" visibility="protected" complexity="1" crap="1" count="17"/>
        <line num="37" type="stmt" count="17"/>
        <line num="38" type="stmt" count="17"/>
        <line num="39" type="stmt" count="17"/>
        <metrics loc="40" ncloc="23" classes="1" methods="2" coveredmethods="2" conditionals="0" coveredconditionals="0" statements="4" coveredstatements="4" elements="6" coveredelements="6"/>
      </file>
    </package>
    <package name="Genusshaus\App\Controllers">
      <file name="/home/vagrant/smartgate/do.genusshaus/app/App/Controllers/Controller.php">
        <class name="Genusshaus\App\Controllers\Controller" namespace="Genusshaus\App\Controllers">
          <metrics complexity="0" methods="0" coveredmethods="0" conditionals="0" coveredconditionals="0" statements="0" coveredstatements="0" elements="0" coveredelements="0"/>
        </class>
        <metrics loc="13" ncloc="13" classes="0" methods="0" coveredmethods="0" conditionals="0" coveredconditionals="0" statements="0" coveredstatements="0" elements="0" coveredelements="0"/>
      </file>
    </package>
    <package name="Genusshaus\App\Exceptions">
      <file name="/home/vagrant/smartgate/do.genusshaus/app/App/Exceptions/Handler.php">
        <class name="Genusshaus\App\Exceptions\Handler" namespace="Genusshaus\App\Exceptions">
          <metrics complexity="2" methods="2" coveredmethods="0" conditionals="0" coveredconditionals="0" statements="3" coveredstatements="0" elements="5" coveredelements="0"/>
        </class>
        <line num="38" type="method" name="report" visibility="public" complexity="1" crap="2.00" count="0"/>
        <line num="40" type="stmt" count="0"/>
        <line num="41" type="stmt" count="0"/>
        <line num="51" type="method" name="render" visibility="public" complexity="1" crap="2.00" count="0"/>
        <line num="53" type="stmt" count="0"/>
        <metrics loc="55" ncloc="26" classes="1" methods="2" coveredmethods="0" conditionals="0" coveredconditionals="0" statements="3" coveredstatements="0" elements="5" coveredelements="0"/>
      </file>
    </package>
    <package name="Genusshaus\App\Manager\Places">
      <file name="/home/vagrant/smartgate/do.genusshaus/app/App/Manager/Places/Manager.php">
        <class name="Genusshaus\App\Manager\Places\Manager" namespace="Genusshaus\App\Manager\Places">
          <metrics complexity="2" methods="2" coveredmethods="2" conditionals="0" coveredconditionals="0" statements="3" coveredstatements="3" elements="5" coveredelements="5"/>
        </class>
        <line num="9" type="method" name="setPlace" visibility="public" complexity="1" crap="1" count="11"/>
        <line num="11" type="stmt" count="11"/>
        <line num="12" type="stmt" count="11"/>
        <line num="14" type="method" name="getPlace" visibility="public" complexity="1" crap="1" count="6"/>
        <line num="16" type="stmt" count="6"/>
        <metrics loc="18" ncloc="18" classes="1" methods="2" coveredmethods="2" conditionals="0" coveredconditionals="0" statements="3" coveredstatements="3" elements="5" coveredelements="5"/>
      </file>
    </package>
    <package name="Genusshaus\App\Observers\Places">
      <file name="/home/vagrant/smartgate/do.genusshaus/app/App/Observers/Places/PlacesObserver.php">
        <class name="Genusshaus\App\Observers\Places\PlacesObserver" namespace="Genusshaus\App\Observers\Places">
          <metrics complexity="5" methods="3" coveredmethods="2" conditionals="0" coveredconditionals="0" statements="9" coveredstatements="7" elements="12" coveredelements="9"/>
        </class>
        <line num="12" type="method" name="__construct" visibility="public" complexity="1" crap="1" count="6"/>
        <line num="14" type="stmt" count="6"/>
        <line num="15" type="stmt" count="6"/>
        <line num="17" type="method" name="creating" visibility="public" complexity="3" crap="3.33" count="4"/>
        <line num="19" type="stmt" count="4"/>
        <line num="20" type="stmt" count="0"/>
        <line num="23" type="stmt" count="4"/>
        <line num="25" type="stmt" count="4"/>
        <line num="26" type="stmt" count="0"/>
        <line num="28" type="stmt" count="4"/>
        <line num="30" type="method" name="getForeignKey" visibility="protected" complexity="1" crap="1" count="4"/>
        <line num="32" type="stmt" count="4"/>
        <metrics loc="34" ncloc="34" classes="1" methods="3" coveredmethods="2" conditionals="0" coveredconditionals="0" statements="9" coveredstatements="7" elements="12" coveredelements="9"/>
      </file>
    </package>
    <package name="Genusshaus\App\Providers">
      <file name="/home/vagrant/smartgate/do.genusshaus/app/App/Providers/AppServiceProvider.php">
        <class name="Genusshaus\App\Providers\AppServiceProvider" namespace="Genusshaus\App\Providers">
          <metrics complexity="6" methods="5" coveredmethods="4" conditionals="0" coveredconditionals="0" statements="10" coveredstatements="9" elements="15" coveredelements="13"/>
        </class>
        <line num="18" type="method" name="boot" visibility="public" complexity="2" crap="2" count="17"/>
        <line num="20" type="stmt" count="17"/>
        <line num="21" type="stmt" count="17"/>
        <line num="22" type="stmt" count="17"/>
        <line num="31" type="method" name="anonymousFunction:31#148" complexity="1" crap="1" count="17"/>
        <line num="32" type="stmt" count="11"/>
        <line num="33" type="stmt" count="17"/>
        <line num="35" type="method" name="anonymousFunction:35#179" complexity="1" crap="1" count="17"/>
        <line num="36" type="stmt" count="6"/>
        <line num="37" type="stmt" count="17"/>
        <line num="39" type="method" name="anonymousFunction:39#216" complexity="1" crap="1.12" count="17"/>
        <line num="40" type="stmt" count="0"/>
        <line num="41" type="stmt" count="17"/>
        <line num="42" type="stmt" count="17"/>
        <line num="49" type="method" name="register" visibility="public" complexity="1" crap="1" count="17"/>
        <line num="51" type="stmt" count="17"/>
        <metrics loc="52" ncloc="37" classes="1" methods="5" coveredmethods="4" conditionals="0" coveredconditionals="0" statements="11" coveredstatements="10" elements="16" coveredelements="14"/>
      </file>
      <file name="/home/vagrant/smartgate/do.genusshaus/app/App/Providers/AuthServiceProvider.php">
        <class name="Genusshaus\App\Providers\AuthServiceProvider" namespace="Genusshaus\App\Providers">
          <metrics complexity="1" methods="1" coveredmethods="1" conditionals="0" coveredconditionals="0" statements="2" coveredstatements="2" elements="3" coveredelements="3"/>
        </class>
        <line num="23" type="method" name="boot" visibility="public" complexity="1" crap="1" count="17"/>
        <line num="25" type="stmt" count="17"/>
        <line num="28" type="stmt" count="17"/>
        <metrics loc="29" ncloc="17" classes="1" methods="1" coveredmethods="1" conditionals="0" coveredconditionals="0" statements="2" coveredstatements="2" elements="3" coveredelements="3"/>
      </file>
      <file name="/home/vagrant/smartgate/do.genusshaus/app/App/Providers/BroadcastServiceProvider.php">
        <class name="Genusshaus\App\Providers\BroadcastServiceProvider" namespace="Genusshaus\App\Providers">
          <metrics complexity="1" methods="1" coveredmethods="0" conditionals="0" coveredconditionals="0" statements="3" coveredstatements="0" elements="4" coveredelements="0"/>
        </class>
        <line num="15" type="method" name="boot" visibility="public" complexity="1" crap="2.00" count="0"/>
        <line num="17" type="stmt" count="0"/>
        <line num="19" type="stmt" count="0"/>
        <line num="20" type="stmt" count="0"/>
        <metrics loc="21" ncloc="16" classes="1" methods="1" coveredmethods="0" conditionals="0" coveredconditionals="0" statements="3" coveredstatements="0" elements="4" coveredelements="0"/>
      </file>
      <file name="/home/vagrant/smartgate/do.genusshaus/app/App/Providers/ComposerServiceProvider.php">
        <class name="Genusshaus\App\Providers\ComposerServiceProvider" namespace="Genusshaus\App\Providers">
          <metrics complexity="2" methods="2" coveredmethods="2" conditionals="0" coveredconditionals="0" statements="3" coveredstatements="3" elements="5" coveredelements="5"/>
        </class>
        <line num="16" type="method" name="boot" visibility="public" complexity="1" crap="1" count="17"/>
        <line num="18" type="stmt" count="17"/>
        <line num="19" type="stmt" count="17"/>
        <line num="26" type="method" name="register" visibility="public" complexity="1" crap="1" count="17"/>
        <line num="29" type="stmt" count="17"/>
        <metrics loc="30" ncloc="18" classes="1" methods="2" coveredmethods="2" conditionals="0" coveredconditionals="0" statements="3" coveredstatements="3" elements="5" coveredelements="5"/>
      </file>
      <file name="/home/vagrant/smartgate/do.genusshaus/app/App/Providers/EventServiceProvider.php">
        <class name="Genusshaus\App\Providers\EventServiceProvider" namespace="Genusshaus\App\Providers">
          <metrics complexity="1" methods="1" coveredmethods="1" conditionals="0" coveredconditionals="0" statements="2" coveredstatements="2" elements="3" coveredelements="3"/>
        </class>
        <line num="26" type="method" name="boot" visibility="public" complexity="1" crap="1" count="17"/>
        <line num="28" type="stmt" count="17"/>
        <line num="31" type="stmt" count="17"/>
        <metrics loc="32" ncloc="20" classes="1" methods="1" coveredmethods="1" conditionals="0" coveredconditionals="0" statements="2" coveredstatements="2" elements="3" coveredelements="3"/>
      </file>
      <file name="/home/vagrant/smartgate/do.genusshaus/app/App/Providers/ImpersonateServiceProvider.php">
        <class name="Genusshaus\App\Providers\ImpersonateServiceProvider" namespace="Genusshaus\App\Providers">
          <metrics complexity="4" methods="2" coveredmethods="1" conditionals="0" coveredconditionals="0" statements="3" coveredstatements="2" elements="5" coveredelements="3"/>
        </class>
        <line num="17" type="method" name="anonymousFunction:17#60" complexity="1" crap="1.12" count="17"/>
        <line num="18" type="stmt" count="0"/>
        <line num="19" type="stmt" count="17"/>
        <line num="20" type="stmt" count="17"/>
        <line num="27" type="method" name="register" visibility="public" complexity="1" crap="1" count="17"/>
        <line num="29" type="stmt" count="17"/>
        <metrics loc="30" ncloc="20" classes="1" methods="2" coveredmethods="1" conditionals="0" coveredconditionals="0" statements="4" coveredstatements="3" elements="6" coveredelements="4"/>
      </file>
      <file name="/home/vagrant/smartgate/do.genusshaus/app/App/Providers/RecombeeServiceProvider.php">
        <class name="Genusshaus\App\Providers\RecombeeServiceProvider" namespace="Genusshaus\App\Providers">
          <metrics complexity="3" methods="2" coveredmethods="1" conditionals="0" coveredconditionals="0" statements="5" coveredstatements="2" elements="7" coveredelements="3"/>
        </class>
        <line num="15" type="method" name="boot" visibility="public" complexity="1" crap="1" count="17"/>
        <line num="17" type="stmt" count="17"/>
        <line num="26" type="method" name="anonymousFunction:26#74" complexity="1" crap="1.42" count="17"/>
        <line num="27" type="stmt" count="0"/>
        <line num="28" type="stmt" count="0"/>
        <line num="30" type="stmt" count="0"/>
        <line num="31" type="stmt" count="17"/>
        <line num="32" type="stmt" count="17"/>
        <metrics loc="33" ncloc="23" classes="1" methods="2" coveredmethods="1" conditionals="0" coveredconditionals="0" statements="6" coveredstatements="3" elements="8" coveredelements="4"/>
      </file>
      <file name="/home/vagrant/smartgate/do.genusshaus/app/App/Providers/RouteServiceProvider.php">
        <class name="Genusshaus\App\Providers\RouteServiceProvider" namespace="Genusshaus\App\Providers">
          <metrics complexity="5" methods="5" coveredmethods="5" conditionals="0" coveredconditionals="0" statements="19" coveredstatements="19" elements="24" coveredelements="24"/>
        </class>
        <line num="24" type="method" name="boot" visibility="public" complexity="1" crap="1" count="17"/>
        <line num="28" type="stmt" count="17"/>
        <line num="29" type="stmt" count="17"/>
        <line num="36" type="method" name="map" visibility="public" complexity="1" crap="1" count="17"/>
        <line num="38" type="stmt" count="17"/>
        <line num="39" type="stmt" count="17"/>
        <line num="40" type="stmt" count="17"/>
        <line num="41" type="stmt" count="17"/>
        <line num="50" type="method" name="mapWebRoutes" visibility="protected" complexity="1" crap="1" count="17"/>
        <line num="52" type="stmt" count="17"/>
        <line num="53" type="stmt" count="17"/>
        <line num="54" type="stmt" count="17"/>
        <line num="55" type="stmt" count="17"/>
        <line num="57" type="method" name="mapPlacesRoutes" visibility="protected" complexity="1" crap="1" count="17"/>
        <line num="59" type="stmt" count="17"/>
        <line num="60" type="stmt" count="17"/>
        <line num="61" type="stmt" count="17"/>
        <line num="62" type="stmt" count="17"/>
        <line num="71" type="method" name="mapApiRoutes" visibility="protected" complexity="1" crap="1" count="17"/>
        <line num="73" type="stmt" count="17"/>
        <line num="74" type="stmt" count="17"/>
        <line num="75" type="stmt" count="17"/>
        <line num="76" type="stmt" count="17"/>
        <line num="77" type="stmt" count="17"/>
        <metrics loc="78" ncloc="45" classes="1" methods="5" coveredmethods="5" conditionals="0" coveredconditionals="0" statements="19" coveredstatements="19" elements="24" coveredelements="24"/>
      </file>
    </package>
    <package name="Genusshaus\App\Scopes\Places">
      <file name="/home/vagrant/smartgate/do.genusshaus/app/App/Scopes/Places/PlaceScope.php">
        <class name="Genusshaus\App\Scopes\Places\PlaceScope" namespace="Genusshaus\App\Scopes\Places">
          <metrics complexity="2" methods="2" coveredmethods="2" conditionals="0" coveredconditionals="0" statements="3" coveredstatements="3" elements="5" coveredelements="5"/>
        </class>
        <line num="13" type="method" name="__construct" visibility="public" complexity="1" crap="1" count="6"/>
        <line num="15" type="stmt" count="6"/>
        <line num="16" type="stmt" count="6"/>
        <line num="18" type="method" name="apply" visibility="public" complexity="1" crap="1" count="2"/>
        <line num="20" type="stmt" count="2"/>
        <metrics loc="22" ncloc="22" classes="1" methods="2" coveredmethods="2" conditionals="0" coveredconditionals="0" statements="3" coveredstatements="3" elements="5" coveredelements="5"/>
      </file>
    </package>
    <package name="Genusshaus\App\Traits">
      <file name="/home/vagrant/smartgate/do.genusshaus/app/App/Traits/GeneralTraits.php">
        <class name="GeneralTraits" namespace="Genusshaus\App\Traits">
          <metrics complexity="8" methods="6" coveredmethods="0" conditionals="0" coveredconditionals="0" statements="10" coveredstatements="0" elements="16" coveredelements="0"/>
        </class>
        <line num="9" type="method" name="scopeIsActive" visibility="public" complexity="1" crap="2.00" count="0"/>
        <line num="11" type="stmt" count="0"/>
        <line num="14" type="method" name="scopeIsInactive" visibility="public" complexity="1" crap="2.00" count="0"/>
        <line num="16" type="stmt" count="0"/>
        <line num="19" type="method" name="scopeIsPublished" visibility="public" complexity="1" crap="2.00" count="0"/>
        <line num="21" type="stmt" count="0"/>
        <line num="24" type="method" name="scopeIsUnpublished" visibility="public" complexity="1" crap="2.00" count="0"/>
        <line num="26" type="stmt" count="0"/>
        <line num="29" type="method" name="getPreviewImage" visibility="public" complexity="2" crap="6.00" count="0"/>
        <line num="31" type="stmt" count="0"/>
        <line num="32" type="stmt" count="0"/>
        <line num="35" type="stmt" count="0"/>
        <line num="38" type="method" name="getPreviewImageUuid" visibility="public" complexity="2" crap="6.00" count="0"/>
        <line num="40" type="stmt" count="0"/>
        <line num="41" type="stmt" count="0"/>
        <line num="44" type="stmt" count="0"/>
        <metrics loc="46" ncloc="46" classes="1" methods="6" coveredmethods="0" conditionals="0" coveredconditionals="0" statements="10" coveredstatements="0" elements="16" coveredelements="0"/>
      </file>
    </package>
    <package name="Genusshaus\App\Traits\Places">
      <file name="/home/vagrant/smartgate/do.genusshaus/app/App/Traits/Places/ForPlaces.php">
        <class name="ForPlaces" namespace="Genusshaus\App\Traits\Places">
          <metrics complexity="1" methods="1" coveredmethods="1" conditionals="0" coveredconditionals="0" statements="7" coveredstatements="7" elements="8" coveredelements="8"/>
        </class>
        <line num="11" type="method" name="boot" visibility="public" complexity="1" crap="1" count="6"/>
        <line num="13" type="stmt" count="6"/>
        <line num="15" type="stmt" count="6"/>
        <line num="17" type="stmt" count="6"/>
        <line num="18" type="stmt" count="6"/>
        <line num="21" type="stmt" count="6"/>
        <line num="22" type="stmt" count="6"/>
        <line num="24" type="stmt" count="6"/>
        <metrics loc="25" ncloc="25" classes="1" methods="1" coveredmethods="1" conditionals="0" coveredconditionals="0" statements="7" coveredstatements="7" elements="8" coveredelements="8"/>
      </file>
    </package>
    <package name="Genusshaus\App\Traits\Ressources">
      <file name="/home/vagrant/smartgate/do.genusshaus/app/App/Traits/Ressources/HasRecommendations.php">
        <class name="HasRecommendations" namespace="Genusshaus\App\Traits\Ressources">
          <metrics complexity="0" methods="0" coveredmethods="0" conditionals="0" coveredconditionals="0" statements="0" coveredstatements="0" elements="0" coveredelements="0"/>
        </class>
        <metrics loc="7" ncloc="7" classes="0" methods="0" coveredmethods="0" conditionals="0" coveredconditionals="0" statements="0" coveredstatements="0" elements="0" coveredelements="0"/>
      </file>
    </package>
    <package name="Genusshaus\Domain\Administrators\Jobs">
      <file name="/home/vagrant/smartgate/do.genusshaus/app/Domain/Administrators/Jobs/AddDeviceToRecommender.php">
        <class name="Genusshaus\Domain\Administrators\Jobs\AddDeviceToRecommender" namespace="Genusshaus\Domain\Administrators\Jobs">
          <metrics complexity="3" methods="2" coveredmethods="0" conditionals="0" coveredconditionals="0" statements="5" coveredstatements="0" elements="7" coveredelements="0"/>
        </class>
        <line num="24" type="method" name="__construct" visibility="public" complexity="1" crap="2.00" count="0"/>
        <line num="26" type="stmt" count="0"/>
        <line num="27" type="stmt" count="0"/>
        <line num="34" type="method" name="handle" visibility="public" complexity="2" crap="6.00" count="0"/>
        <line num="36" type="stmt" count="0"/>
        <line num="37" type="stmt" count="0"/>
        <line num="39" type="stmt" count="0"/>
        <metrics loc="40" ncloc="30" classes="1" methods="2" coveredmethods="0" conditionals="0" coveredconditionals="0" statements="5" coveredstatements="0" elements="7" coveredelements="0"/>
      </file>
      <file name="/home/vagrant/smartgate/do.genusshaus/app/Domain/Administrators/Jobs/AddLogsPlacesToRecommender.php">
        <class name="Genusshaus\Domain\Administrators\Jobs\AddLogsPlacesToRecommender" namespace="Genusshaus\Domain\Administrators\Jobs">
          <metrics complexity="3" methods="2" coveredmethods="0" conditionals="0" coveredconditionals="0" statements="5" coveredstatements="0" elements="7" coveredelements="0"/>
        </class>
        <line num="24" type="method" name="__construct" visibility="public" complexity="1" crap="2.00" count="0"/>
        <line num="26" type="stmt" count="0"/>
        <line num="27" type="stmt" count="0"/>
        <line num="34" type="method" name="handle" visibility="public" complexity="2" crap="6.00" count="0"/>
        <line num="36" type="stmt" count="0"/>
        <line num="37" type="stmt" count="0"/>
        <line num="39" type="stmt" count="0"/>
        <metrics loc="40" ncloc="30" classes="1" methods="2" coveredmethods="0" conditionals="0" coveredconditionals="0" statements="5" coveredstatements="0" elements="7" coveredelements="0"/>
      </file>
      <file name="/home/vagrant/smartgate/do.genusshaus/app/Domain/Administrators/Jobs/AddPlaceToRecommender.php">
        <class name="Genusshaus\Domain\Administrators\Jobs\AddPlaceToRecommender" namespace="Genusshaus\Domain\Administrators\Jobs">
          <metrics complexity="3" methods="2" coveredmethods="0" conditionals="0" coveredconditionals="0" statements="10" coveredstatements="0" elements="12" coveredelements="0"/>
        </class>
        <line num="25" type="method" name="__construct" visibility="public" complexity="1" crap="2.00" count="0"/>
        <line num="27" type="stmt" count="0"/>
        <line num="28" type="stmt" count="0"/>
        <line num="35" type="method" name="handle" visibility="public" complexity="2" crap="6.00" count="0"/>
        <line num="37" type="stmt" count="0"/>
        <line num="38" type="stmt" count="0"/>
        <line num="40" type="stmt" count="0"/>
        <line num="43" type="stmt" count="0"/>
        <line num="44" type="stmt" count="0"/>
        <line num="45" type="stmt" count="0"/>
        <line num="47" type="stmt" count="0"/>
        <line num="51" type="stmt" count="0"/>
        <metrics loc="52" ncloc="42" classes="1" methods="2" coveredmethods="0" conditionals="0" coveredconditionals="0" statements="10" coveredstatements="0" elements="12" coveredelements="0"/>
      </file>
    </package>
    <package name="Genusshaus\Domain\Moderators\Models">
      <file name="/home/vagrant/smartgate/do.genusshaus/app/Domain/Moderators/Models/Beacon.php">
        <class name="Genusshaus\Domain\Moderators\Models\Beacon" namespace="Genusshaus\Domain\Moderators\Models">
          <metrics complexity="3" methods="3" coveredmethods="3" conditionals="0" coveredconditionals="0" statements="4" coveredstatements="4" elements="7" coveredelements="7"/>
        </class>
        <line num="16" type="method" name="boot" visibility="public" complexity="1" crap="1" count="3"/>
        <line num="18" type="stmt" count="3"/>
        <line num="20" type="method" name="anonymousFunction:20#112" complexity="1" crap="1" count="3"/>
        <line num="21" type="stmt" count="2"/>
        <line num="22" type="stmt" count="3"/>
        <line num="23" type="stmt" count="3"/>
        <line num="25" type="method" name="place" visibility="public" complexity="1" crap="1" count="1"/>
        <line num="27" type="stmt" count="1"/>
        <metrics loc="29" ncloc="29" classes="1" methods="3" coveredmethods="3" conditionals="0" coveredconditionals="0" statements="5" coveredstatements="5" elements="8" coveredelements="8"/>
      </file>
    </package>
    <package name="Genusshaus\Domain\Moderators\Notifications">
      <file name="/home/vagrant/smartgate/do.genusshaus/app/Domain/Moderators/Notifications/InviteUsersNotification.php">
        <class name="Genusshaus\Domain\Moderators\Notifications\InviteUsersNotification" namespace="Genusshaus\Domain\Moderators\Notifications">
          <metrics complexity="4" methods="4" coveredmethods="0" conditionals="0" coveredconditionals="0" statements="11" coveredstatements="0" elements="15" coveredelements="0"/>
        </class>
        <line num="24" type="method" name="__construct" visibility="public" complexity="1" crap="2.00" count="0"/>
        <line num="26" type="stmt" count="0"/>
        <line num="27" type="stmt" count="0"/>
        <line num="28" type="stmt" count="0"/>
        <line num="37" type="method" name="via" visibility="public" complexity="1" crap="2.00" count="0"/>
        <line num="39" type="stmt" count="0"/>
        <line num="49" type="method" name="toMail" visibility="public" complexity="1" crap="2.00" count="0"/>
        <line num="51" type="stmt" count="0"/>
        <line num="52" type="stmt" count="0"/>
        <line num="53" type="stmt" count="0"/>
        <line num="54" type="stmt" count="0"/>
        <line num="55" type="stmt" count="0"/>
        <line num="56" type="stmt" count="0"/>
        <line num="66" type="method" name="toArray" visibility="public" complexity="1" crap="2.00" count="0"/>
        <line num="70" type="stmt" count="0"/>
        <metrics loc="72" ncloc="44" classes="1" methods="4" coveredmethods="0" conditionals="0" coveredconditionals="0" statements="11" coveredstatements="0" elements="15" coveredelements="0"/>
      </file>
      <file name="/home/vagrant/smartgate/do.genusshaus/app/Domain/Moderators/Notifications/JoinUsersNotification.php">
        <class name="Genusshaus\Domain\Moderators\Notifications\JoinUsersNotification" namespace="Genusshaus\Domain\Moderators\Notifications">
          <metrics complexity="4" methods="4" coveredmethods="0" conditionals="0" coveredconditionals="0" statements="11" coveredstatements="0" elements="15" coveredelements="0"/>
        </class>
        <line num="24" type="method" name="__construct" visibility="public" complexity="1" crap="2.00" count="0"/>
        <line num="26" type="stmt" count="0"/>
        <line num="27" type="stmt" count="0"/>
        <line num="28" type="stmt" count="0"/>
        <line num="37" type="method" name="via" visibility="public" complexity="1" crap="2.00" count="0"/>
        <line num="39" type="stmt" count="0"/>
        <line num="49" type="method" name="toMail" visibility="public" complexity="1" crap="2.00" count="0"/>
        <line num="51" type="stmt" count="0"/>
        <line num="52" type="stmt" count="0"/>
        <line num="53" type="stmt" count="0"/>
        <line num="54" type="stmt" count="0"/>
        <line num="55" type="stmt" count="0"/>
        <line num="56" type="stmt" count="0"/>
        <line num="66" type="method" name="toArray" visibility="public" complexity="1" crap="2.00" count="0"/>
        <line num="70" type="stmt" count="0"/>
        <metrics loc="72" ncloc="44" classes="1" methods="4" coveredmethods="0" conditionals="0" coveredconditionals="0" statements="11" coveredstatements="0" elements="15" coveredelements="0"/>
      </file>
    </package>
    <package name="Genusshaus\Domain\Places\Models">
      <file name="/home/vagrant/smartgate/do.genusshaus/app/Domain/Places/Models/Event.php">
        <class name="Genusshaus\Domain\Places\Models\Event" namespace="Genusshaus\Domain\Places\Models">
          <metrics complexity="1" methods="1" coveredmethods="1" conditionals="0" coveredconditionals="0" statements="1" coveredstatements="1" elements="2" coveredelements="2"/>
        </class>
        <line num="25" type="method" name="place" visibility="public" complexity="1" crap="1" count="1"/>
        <line num="27" type="stmt" count="1"/>
        <metrics loc="29" ncloc="29" classes="1" methods="1" coveredmethods="1" conditionals="0" coveredconditionals="0" statements="1" coveredstatements="1" elements="2" coveredelements="2"/>
      </file>
      <file name="/home/vagrant/smartgate/do.genusshaus/app/Domain/Places/Models/OpeningHour.php">
        <class name="Genusshaus\Domain\Places\Models\OpeningHour" namespace="Genusshaus\Domain\Places\Models">
          <metrics complexity="1" methods="1" coveredmethods="1" conditionals="0" coveredconditionals="0" statements="1" coveredstatements="1" elements="2" coveredelements="2"/>
        </class>
        <line num="11" type="method" name="place" visibility="public" complexity="1" crap="1" count="1"/>
        <line num="13" type="stmt" count="1"/>
        <metrics loc="15" ncloc="15" classes="1" methods="1" coveredmethods="1" conditionals="0" coveredconditionals="0" statements="1" coveredstatements="1" elements="2" coveredelements="2"/>
      </file>
      <file name="/home/vagrant/smartgate/do.genusshaus/app/Domain/Places/Models/Place.php">
        <class name="Genusshaus\Domain\Places\Models\Place" namespace="Genusshaus\Domain\Places\Models">
          <metrics complexity="14" methods="12" coveredmethods="8" conditionals="0" coveredconditionals="0" statements="17" coveredstatements="9" elements="29" coveredelements="17"/>
        </class>
        <line num="44" type="method" name="boot" visibility="public" complexity="1" crap="1" count="15"/>
        <line num="46" type="stmt" count="15"/>
        <line num="48" type="method" name="anonymousFunction:48#238" complexity="1" crap="1" count="15"/>
        <line num="49" type="stmt" count="14"/>
        <line num="50" type="stmt" count="15"/>
        <line num="51" type="stmt" count="15"/>
        <line num="53" type="method" name="getRouteKeyName" visibility="public" complexity="1" crap="2.00" count="0"/>
        <line num="55" type="stmt" count="0"/>
        <line num="58" type="method" name="users" visibility="public" complexity="1" crap="1" count="1"/>
        <line num="60" type="stmt" count="1"/>
        <line num="63" type="method" name="region" visibility="public" complexity="1" crap="1" count="1"/>
        <line num="65" type="stmt" count="1"/>
        <line num="68" type="method" name="events" visibility="public" complexity="1" crap="1" count="1"/>
        <line num="70" type="stmt" count="1"/>
        <line num="73" type="method" name="posts" visibility="public" complexity="1" crap="1" count="1"/>
        <line num="75" type="stmt" count="1"/>
        <line num="78" type="method" name="beacons" visibility="public" complexity="1" crap="1" count="1"/>
        <line num="80" type="stmt" count="1"/>
        <line num="83" type="method" name="openingHours" visibility="public" complexity="1" crap="1" count="1"/>
        <line num="85" type="stmt" count="1"/>
        <line num="88" type="method" name="favourites" visibility="public" complexity="1" crap="2.00" count="0"/>
        <line num="90" type="stmt" count="0"/>
        <line num="93" type="method" name="getIconImage" visibility="public" complexity="2" crap="6.00" count="0"/>
        <line num="95" type="stmt" count="0"/>
        <line num="96" type="stmt" count="0"/>
        <line num="99" type="stmt" count="0"/>
        <line num="102" type="method" name="getIconColor" visibility="public" complexity="2" crap="6.00" count="0"/>
        <line num="104" type="stmt" count="0"/>
        <line num="105" type="stmt" count="0"/>
        <line num="108" type="stmt" count="0"/>
        <metrics loc="110" ncloc="110" classes="1" methods="12" coveredmethods="8" conditionals="0" coveredconditionals="0" statements="18" coveredstatements="10" elements="30" coveredelements="18"/>
      </file>
      <file name="/home/vagrant/smartgate/do.genusshaus/app/Domain/Places/Models/Post.php">
        <class name="Genusshaus\Domain\Places\Models\Post" namespace="Genusshaus\Domain\Places\Models">
          <metrics complexity="1" methods="1" coveredmethods="1" conditionals="0" coveredconditionals="0" statements="1" coveredstatements="1" elements="2" coveredelements="2"/>
        </class>
        <line num="18" type="method" name="place" visibility="public" complexity="1" crap="1" count="1"/>
        <line num="20" type="stmt" count="1"/>
        <metrics loc="22" ncloc="22" classes="1" methods="1" coveredmethods="1" conditionals="0" coveredconditionals="0" statements="1" coveredstatements="1" elements="2" coveredelements="2"/>
      </file>
      <file name="/home/vagrant/smartgate/do.genusshaus/app/Domain/Places/Models/Region.php">
        <class name="Genusshaus\Domain\Places\Models\Region" namespace="Genusshaus\Domain\Places\Models">
          <metrics complexity="1" methods="1" coveredmethods="1" conditionals="0" coveredconditionals="0" statements="1" coveredstatements="1" elements="2" coveredelements="2"/>
        </class>
        <line num="18" type="method" name="places" visibility="public" complexity="1" crap="1" count="1"/>
        <line num="20" type="stmt" count="1"/>
        <metrics loc="22" ncloc="22" classes="1" methods="1" coveredmethods="1" conditionals="0" coveredconditionals="0" statements="1" coveredstatements="1" elements="2" coveredelements="2"/>
      </file>
    </package>
    <package name="Genusshaus\Domain\Places\Notifications">
      <file name="/home/vagrant/smartgate/do.genusshaus/app/Domain/Places/Notifications/ReviewRequestNotification.php">
        <class name="Genusshaus\Domain\Places\Notifications\ReviewRequestNotification" namespace="Genusshaus\Domain\Places\Notifications">
          <metrics complexity="4" methods="4" coveredmethods="0" conditionals="0" coveredconditionals="0" statements="9" coveredstatements="0" elements="13" coveredelements="0"/>
        </class>
        <line num="22" type="method" name="__construct" visibility="public" complexity="1" crap="2.00" count="0"/>
        <line num="24" type="stmt" count="0"/>
        <line num="25" type="stmt" count="0"/>
        <line num="34" type="method" name="via" visibility="public" complexity="1" crap="2.00" count="0"/>
        <line num="36" type="stmt" count="0"/>
        <line num="46" type="method" name="toMail" visibility="public" complexity="1" crap="2.00" count="0"/>
        <line num="48" type="stmt" count="0"/>
        <line num="49" type="stmt" count="0"/>
        <line num="50" type="stmt" count="0"/>
        <line num="51" type="stmt" count="0"/>
        <line num="52" type="stmt" count="0"/>
        <line num="62" type="method" name="toArray" visibility="public" complexity="1" crap="2.00" count="0"/>
        <line num="66" type="stmt" count="0"/>
        <metrics loc="68" ncloc="40" classes="1" methods="4" coveredmethods="0" conditionals="0" coveredconditionals="0" statements="9" coveredstatements="0" elements="13" coveredelements="0"/>
      </file>
    </package>
    <package name="Genusshaus\App\Domain\Users\Jobs\Support">
      <file name="/home/vagrant/smartgate/do.genusshaus/app/Domain/Users/Jobs/Support/SendSupportRequestJob.php">
        <class name="Genusshaus\App\Domain\Users\Jobs\Support\SendSupportRequestJob" namespace="Genusshaus\App\Domain\Users\Jobs\Support">
          <metrics complexity="3" methods="2" coveredmethods="0" conditionals="0" coveredconditionals="0" statements="6" coveredstatements="0" elements="8" coveredelements="0"/>
        </class>
        <line num="24" type="method" name="__construct" visibility="public" complexity="1" crap="2.00" count="0"/>
        <line num="26" type="stmt" count="0"/>
        <line num="27" type="stmt" count="0"/>
        <line num="34" type="method" name="handle" visibility="public" complexity="2" crap="6.00" count="0"/>
        <line num="36" type="stmt" count="0"/>
        <line num="38" type="stmt" count="0"/>
        <line num="39" type="stmt" count="0"/>
        <line num="41" type="stmt" count="0"/>
        <metrics loc="42" ncloc="32" classes="1" methods="2" coveredmethods="0" conditionals="0" coveredconditionals="0" statements="6" coveredstatements="0" elements="8" coveredelements="0"/>
      </file>
    </package>
    <package name="Genusshaus\Domain\Users\Models">
      <file name="/home/vagrant/smartgate/do.genusshaus/app/Domain/Users/Models/Device.php">
        <class name="Genusshaus\Domain\Users\Models\Device" namespace="Genusshaus\Domain\Users\Models">
          <metrics complexity="1" methods="1" coveredmethods="0" conditionals="0" coveredconditionals="0" statements="1" coveredstatements="0" elements="2" coveredelements="0"/>
        </class>
        <line num="36" type="method" name="favourites" visibility="public" complexity="1" crap="2.00" count="0"/>
        <line num="38" type="stmt" count="0"/>
        <metrics loc="40" ncloc="30" classes="1" methods="1" coveredmethods="0" conditionals="0" coveredconditionals="0" statements="1" coveredstatements="0" elements="2" coveredelements="0"/>
      </file>
      <file name="/home/vagrant/smartgate/do.genusshaus/app/Domain/Users/Models/User.php">
        <class name="Genusshaus\Domain\Users\Models\User" namespace="Genusshaus\Domain\Users\Models">
          <metrics complexity="7" methods="6" coveredmethods="0" conditionals="0" coveredconditionals="0" statements="8" coveredstatements="0" elements="14" coveredelements="0"/>
        </class>
        <line num="40" type="method" name="getRouteKeyName" visibility="public" complexity="1" crap="2.00" count="0"/>
        <line num="42" type="stmt" count="0"/>
        <line num="45" type="method" name="getAvatar" visibility="public" complexity="2" crap="6.00" count="0"/>
        <line num="47" type="stmt" count="0"/>
        <line num="48" type="stmt" count="0"/>
        <line num="51" type="stmt" count="0"/>
        <line num="54" type="method" name="isSameAs" visibility="public" complexity="1" crap="2.00" count="0"/>
        <line num="56" type="stmt" count="0"/>
        <line num="59" type="method" name="places" visibility="public" complexity="1" crap="2.00" count="0"/>
        <line num="61" type="stmt" count="0"/>
        <line num="64" type="method" name="scopeInactive" visibility="public" complexity="1" crap="2.00" count="0"/>
        <line num="66" type="stmt" count="0"/>
        <line num="69" type="method" name="scopeActive" visibility="public" complexity="1" crap="2.00" count="0"/>
        <line num="71" type="stmt" count="0"/>
        <metrics loc="73" ncloc="63" classes="1" methods="6" coveredmethods="0" conditionals="0" coveredconditionals="0" statements="8" coveredstatements="0" elements="14" coveredelements="0"/>
      </file>
    </package>
    <package name="Genusshaus\Http\Composers">
      <file name="/home/vagrant/smartgate/do.genusshaus/app/Http/Composers/NavigationComposers.php">
        <class name="Genusshaus\Http\Composers\NavigationComposers" namespace="Genusshaus\Http\Composers">
          <metrics complexity="1" methods="1" coveredmethods="0" conditionals="0" coveredconditionals="0" statements="3" coveredstatements="0" elements="4" coveredelements="0"/>
        </class>
        <line num="7" type="method" name="compose" visibility="public" complexity="1" crap="2.00" count="0"/>
        <line num="9" type="stmt" count="0"/>
        <line num="10" type="stmt" count="0"/>
        <line num="12" type="stmt" count="0"/>
        <metrics loc="13" ncloc="13" classes="1" methods="1" coveredmethods="0" conditionals="0" coveredconditionals="0" statements="3" coveredstatements="0" elements="4" coveredelements="0"/>
      </file>
    </package>
    <package name="Genusshaus\Http\Controllers\Administrators\Dashboard">
      <file name="/home/vagrant/smartgate/do.genusshaus/app/Http/Controllers/Administrators/Dashboard/DashboardController.php">
        <class name="Genusshaus\Http\Controllers\Administrators\Dashboard\DashboardController" namespace="Genusshaus\Http\Controllers\Administrators\Dashboard">
          <metrics complexity="2" methods="2" coveredmethods="0" conditionals="0" coveredconditionals="0" statements="3" coveredstatements="0" elements="5" coveredelements="0"/>
        </class>
        <line num="9" type="method" name="__construct" visibility="public" complexity="1" crap="2.00" count="0"/>
        <line num="11" type="stmt" count="0"/>
        <line num="12" type="stmt" count="0"/>
        <line num="19" type="method" name="index" visibility="public" complexity="1" crap="2.00" count="0"/>
        <line num="21" type="stmt" count="0"/>
        <metrics loc="23" ncloc="18" classes="1" methods="2" coveredmethods="0" conditionals="0" coveredconditionals="0" statements="3" coveredstatements="0" elements="5" coveredelements="0"/>
      </file>
    </package>
    <package name="Genusshaus\Http\Controllers\Administrators\Logs">
      <file name="/home/vagrant/smartgate/do.genusshaus/app/Http/Controllers/Administrators/Logs/LogsController.php">
        <class name="Genusshaus\Http\Controllers\Administrators\Logs\LogsController" namespace="Genusshaus\Http\Controllers\Administrators\Logs">
          <metrics complexity="2" methods="2" coveredmethods="0" conditionals="0" coveredconditionals="0" statements="3" coveredstatements="0" elements="5" coveredelements="0"/>
        </class>
        <line num="9" type="method" name="__construct" visibility="public" complexity="1" crap="2.00" count="0"/>
        <line num="11" type="stmt" count="0"/>
        <line num="12" type="stmt" count="0"/>
        <line num="19" type="method" name="index" visibility="public" complexity="1" crap="2.00" count="0"/>
        <line num="21" type="stmt" count="0"/>
        <metrics loc="23" ncloc="18" classes="1" methods="2" coveredmethods="0" conditionals="0" coveredconditionals="0" statements="3" coveredstatements="0" elements="5" coveredelements="0"/>
      </file>
    </package>
    <package name="Genusshaus\Http\Controllers\Administrators\Recommendations">
      <file name="/home/vagrant/smartgate/do.genusshaus/app/Http/Controllers/Administrators/Recommendations/RecommendationsController.php">
        <class name="Genusshaus\Http\Controllers\Administrators\Recommendations\RecommendationsController" namespace="Genusshaus\Http\Controllers\Administrators\Recommendations">
          <metrics complexity="2" methods="2" coveredmethods="0" conditionals="0" coveredconditionals="0" statements="3" coveredstatements="0" elements="5" coveredelements="0"/>
        </class>
        <line num="9" type="method" name="__construct" visibility="public" complexity="1" crap="2.00" count="0"/>
        <line num="11" type="stmt" count="0"/>
        <line num="12" type="stmt" count="0"/>
        <line num="19" type="method" name="index" visibility="public" complexity="1" crap="2.00" count="0"/>
        <line num="21" type="stmt" count="0"/>
        <metrics loc="23" ncloc="18" classes="1" methods="2" coveredmethods="0" conditionals="0" coveredconditionals="0" statements="3" coveredstatements="0" elements="5" coveredelements="0"/>
      </file>
    </package>
    <package name="Genusshaus\Http\Controllers\Administrators\Services">
      <file name="/home/vagrant/smartgate/do.genusshaus/app/Http/Controllers/Administrators/Services/ServicesController.php">
        <class name="Genusshaus\Http\Controllers\Administrators\Services\ServicesController" namespace="Genusshaus\Http\Controllers\Administrators\Services">
          <metrics complexity="2" methods="2" coveredmethods="0" conditionals="0" coveredconditionals="0" statements="3" coveredstatements="0" elements="5" coveredelements="0"/>
        </class>
        <line num="9" type="method" name="__construct" visibility="public" complexity="1" crap="2.00" count="0"/>
        <line num="11" type="stmt" count="0"/>
        <line num="12" type="stmt" count="0"/>
        <line num="19" type="method" name="index" visibility="public" complexity="1" crap="2.00" count="0"/>
        <line num="21" type="stmt" count="0"/>
        <metrics loc="23" ncloc="18" classes="1" methods="2" coveredmethods="0" conditionals="0" coveredconditionals="0" statements="3" coveredstatements="0" elements="5" coveredelements="0"/>
      </file>
    </package>
    <package name="Genusshaus\Http\Controllers\Administrators\Users">
      <file name="/home/vagrant/smartgate/do.genusshaus/app/Http/Controllers/Administrators/Users/UsersController.php">
        <class name="Genusshaus\Http\Controllers\Administrators\Users\UsersController" namespace="Genusshaus\Http\Controllers\Administrators\Users">
          <metrics complexity="11" methods="7" coveredmethods="0" conditionals="0" coveredconditionals="0" statements="26" coveredstatements="0" elements="33" coveredelements="0"/>
        </class>
        <line num="15" type="method" name="__construct" visibility="public" complexity="1" crap="2.00" count="0"/>
        <line num="17" type="stmt" count="0"/>
        <line num="18" type="stmt" count="0"/>
        <line num="20" type="method" name="index" visibility="public" complexity="1" crap="2.00" count="0"/>
        <line num="22" type="stmt" count="0"/>
        <line num="24" type="stmt" count="0"/>
        <line num="27" type="method" name="create" visibility="public" complexity="1" crap="2.00" count="0"/>
        <line num="29" type="stmt" count="0"/>
        <line num="31" type="stmt" count="0"/>
        <line num="34" type="method" name="store" visibility="public" complexity="2" crap="6.00" count="0"/>
        <line num="36" type="stmt" count="0"/>
        <line num="38" type="stmt" count="0"/>
        <line num="39" type="stmt" count="0"/>
        <line num="40" type="stmt" count="0"/>
        <line num="41" type="stmt" count="0"/>
        <line num="43" type="stmt" count="0"/>
        <line num="45" type="stmt" count="0"/>
        <line num="47" type="stmt" count="0"/>
        <line num="48" type="stmt" count="0"/>
        <line num="53" type="stmt" count="0"/>
        <line num="56" type="method" name="edit" visibility="public" complexity="1" crap="2.00" count="0"/>
        <line num="58" type="stmt" count="0"/>
        <line num="60" type="stmt" count="0"/>
        <line num="63" type="method" name="update" visibility="public" complexity="3" crap="12.00" count="0"/>
        <line num="65" type="stmt" count="0"/>
        <line num="66" type="stmt" count="0"/>
        <line num="68" type="stmt" count="0"/>
        <line num="69" type="stmt" count="0"/>
        <line num="73" type="stmt" count="0"/>
        <line num="76" type="method" name="delete" visibility="public" complexity="2" crap="6.00" count="0"/>
        <line num="78" type="stmt" count="0"/>
        <line num="79" type="stmt" count="0"/>
        <line num="82" type="stmt" count="0"/>
        <metrics loc="84" ncloc="82" classes="1" methods="7" coveredmethods="0" conditionals="0" coveredconditionals="0" statements="26" coveredstatements="0" elements="33" coveredelements="0"/>
      </file>
    </package>
    <package name="Genusshaus\Http\Controllers\Auth">
      <file name="/home/vagrant/smartgate/do.genusshaus/app/Http/Controllers/Auth/ForgotPasswordController.php">
        <class name="Genusshaus\Http\Controllers\Auth\ForgotPasswordController" namespace="Genusshaus\Http\Controllers\Auth">
          <metrics complexity="1" methods="1" coveredmethods="0" conditionals="0" coveredconditionals="0" statements="2" coveredstatements="0" elements="3" coveredelements="0"/>
        </class>
        <line num="28" type="method" name="__construct" visibility="public" complexity="1" crap="2.00" count="0"/>
        <line num="30" type="stmt" count="0"/>
        <line num="31" type="stmt" count="0"/>
        <metrics loc="32" ncloc="17" classes="1" methods="1" coveredmethods="0" conditionals="0" coveredconditionals="0" statements="2" coveredstatements="0" elements="3" coveredelements="0"/>
      </file>
      <file name="/home/vagrant/smartgate/do.genusshaus/app/Http/Controllers/Auth/LoginController.php">
        <class name="Genusshaus\Http\Controllers\Auth\LoginController" namespace="Genusshaus\Http\Controllers\Auth">
          <metrics complexity="2" methods="2" coveredmethods="0" conditionals="0" coveredconditionals="0" statements="5" coveredstatements="0" elements="7" coveredelements="0"/>
        </class>
        <line num="37" type="method" name="__construct" visibility="public" complexity="1" crap="2.00" count="0"/>
        <line num="39" type="stmt" count="0"/>
        <line num="40" type="stmt" count="0"/>
        <line num="42" type="method" name="authenticated" visibility="protected" complexity="1" crap="2.00" count="0"/>
        <line num="44" type="stmt" count="0"/>
        <line num="45" type="stmt" count="0"/>
        <line num="46" type="stmt" count="0"/>
        <metrics loc="47" ncloc="27" classes="1" methods="2" coveredmethods="0" conditionals="0" coveredconditionals="0" statements="5" coveredstatements="0" elements="7" coveredelements="0"/>
      </file>
      <file name="/home/vagrant/smartgate/do.genusshaus/app/Http/Controllers/Auth/RegisterController.php">
        <class name="Genusshaus\Http\Controllers\Auth\RegisterController" namespace="Genusshaus\Http\Controllers\Auth">
          <metrics complexity="5" methods="5" coveredmethods="0" conditionals="0" coveredconditionals="0" statements="11" coveredstatements="0" elements="16" coveredelements="0"/>
        </class>
        <line num="38" type="method" name="__construct" visibility="public" complexity="1" crap="2.00" count="0"/>
        <line num="40" type="stmt" count="0"/>
        <line num="41" type="stmt" count="0"/>
        <line num="50" type="method" name="validator" visibility="protected" complexity="1" crap="2.00" count="0"/>
        <line num="52" type="stmt" count="0"/>
        <line num="53" type="stmt" count="0"/>
        <line num="67" type="method" name="create" visibility="protected" complexity="1" crap="2.00" count="0"/>
        <line num="69" type="stmt" count="0"/>
        <line num="70" type="stmt" count="0"/>
        <line num="71" type="stmt" count="0"/>
        <line num="72" type="stmt" count="0"/>
        <line num="81" type="method" name="showRegistrationForm" visibility="public" complexity="1" crap="2.00" count="0"/>
        <line num="83" type="stmt" count="0"/>
        <line num="93" type="method" name="register" visibility="public" complexity="1" crap="2.00" count="0"/>
        <line num="95" type="stmt" count="0"/>
        <line num="96" type="stmt" count="0"/>
        <metrics loc="97" ncloc="51" classes="1" methods="5" coveredmethods="0" conditionals="0" coveredconditionals="0" statements="11" coveredstatements="0" elements="16" coveredelements="0"/>
      </file>
      <file name="/home/vagrant/smartgate/do.genusshaus/app/Http/Controllers/Auth/ResetPasswordController.php">
        <class name="Genusshaus\Http\Controllers\Auth\ResetPasswordController" namespace="Genusshaus\Http\Controllers\Auth">
          <metrics complexity="1" methods="1" coveredmethods="0" conditionals="0" coveredconditionals="0" statements="2" coveredstatements="0" elements="3" coveredelements="0"/>
        </class>
        <line num="35" type="method" name="__construct" visibility="public" complexity="1" crap="2.00" count="0"/>
        <line num="37" type="stmt" count="0"/>
        <line num="38" type="stmt" count="0"/>
        <metrics loc="39" ncloc="19" classes="1" methods="1" coveredmethods="0" conditionals="0" coveredconditionals="0" statements="2" coveredstatements="0" elements="3" coveredelements="0"/>
      </file>
    </package>
    <package name="Genusshaus\Http\Controllers\Moderators\Countries">
      <file name="/home/vagrant/smartgate/do.genusshaus/app/Http/Controllers/Moderators/Countries/CountriesController.php">
        <class name="Genusshaus\Http\Controllers\Moderators\Countries\CountriesController" namespace="Genusshaus\Http\Controllers\Moderators\Countries">
          <metrics complexity="2" methods="2" coveredmethods="0" conditionals="0" coveredconditionals="0" statements="4" coveredstatements="0" elements="6" coveredelements="0"/>
        </class>
        <line num="10" type="method" name="__construct" visibility="public" complexity="1" crap="2.00" count="0"/>
        <line num="12" type="stmt" count="0"/>
        <line num="13" type="stmt" count="0"/>
        <line num="15" type="method" name="index" visibility="public" complexity="1" crap="2.00" count="0"/>
        <line num="17" type="stmt" count="0"/>
        <line num="19" type="stmt" count="0"/>
        <metrics loc="21" ncloc="21" classes="1" methods="2" coveredmethods="0" conditionals="0" coveredconditionals="0" statements="4" coveredstatements="0" elements="6" coveredelements="0"/>
      </file>
    </package>
    <package name="Genusshaus\Http\Controllers\Moderators\Dashboard">
      <file name="/home/vagrant/smartgate/do.genusshaus/app/Http/Controllers/Moderators/Dashboard/DashboardController.php">
        <class name="Genusshaus\Http\Controllers\Moderators\Dashboard\DashboardController" namespace="Genusshaus\Http\Controllers\Moderators\Dashboard">
          <metrics complexity="2" methods="2" coveredmethods="0" conditionals="0" coveredconditionals="0" statements="3" coveredstatements="0" elements="5" coveredelements="0"/>
        </class>
        <line num="9" type="method" name="__construct" visibility="public" complexity="1" crap="2.00" count="0"/>
        <line num="11" type="stmt" count="0"/>
        <line num="12" type="stmt" count="0"/>
        <line num="19" type="method" name="index" visibility="public" complexity="1" crap="2.00" count="0"/>
        <line num="21" type="stmt" count="0"/>
        <metrics loc="23" ncloc="18" classes="1" methods="2" coveredmethods="0" conditionals="0" coveredconditionals="0" statements="3" coveredstatements="0" elements="5" coveredelements="0"/>
      </file>
    </package>
    <package name="Genusshaus\Http\Controllers\Moderators\Places\Beacons">
      <file name="/home/vagrant/smartgate/do.genusshaus/app/Http/Controllers/Moderators/Places/Beacons/BeaconsController.php">
        <class name="Genusshaus\Http\Controllers\Moderators\Places\Beacons\BeaconsController" namespace="Genusshaus\Http\Controllers\Moderators\Places\Beacons">
          <metrics complexity="5" methods="5" coveredmethods="0" conditionals="0" coveredconditionals="0" statements="13" coveredstatements="0" elements="18" coveredelements="0"/>
        </class>
        <line num="12" type="method" name="__construct" visibility="public" complexity="1" crap="2.00" count="0"/>
        <line num="14" type="stmt" count="0"/>
        <line num="15" type="stmt" count="0"/>
        <line num="22" type="method" name="index" visibility="public" complexity="1" crap="2.00" count="0"/>
        <line num="24" type="stmt" count="0"/>
        <line num="26" type="stmt" count="0"/>
        <line num="29" type="method" name="create" visibility="public" complexity="1" crap="2.00" count="0"/>
        <line num="31" type="stmt" count="0"/>
        <line num="33" type="stmt" count="0"/>
        <line num="36" type="method" name="store" visibility="public" complexity="1" crap="2.00" count="0"/>
        <line num="38" type="stmt" count="0"/>
        <line num="40" type="stmt" count="0"/>
        <line num="41" type="stmt" count="0"/>
        <line num="42" type="stmt" count="0"/>
        <line num="46" type="stmt" count="0"/>
        <line num="49" type="method" name="delete" visibility="public" complexity="1" crap="2.00" count="0"/>
        <line num="51" type="stmt" count="0"/>
        <line num="53" type="stmt" count="0"/>
        <metrics loc="55" ncloc="50" classes="1" methods="5" coveredmethods="0" conditionals="0" coveredconditionals="0" statements="13" coveredstatements="0" elements="18" coveredelements="0"/>
      </file>
    </package>
    <package name="Genusshaus\Http\Controllers\Moderators\Places\Categories">
      <file name="/home/vagrant/smartgate/do.genusshaus/app/Http/Controllers/Moderators/Places/Categories/CategoriesController.php">
        <class name="Genusshaus\Http\Controllers\Moderators\Places\Categories\CategoriesController" namespace="Genusshaus\Http\Controllers\Moderators\Places\Categories">
          <metrics complexity="2" methods="2" coveredmethods="0" conditionals="0" coveredconditionals="0" statements="3" coveredstatements="0" elements="5" coveredelements="0"/>
        </class>
        <line num="10" type="method" name="__construct" visibility="public" complexity="1" crap="2.00" count="0"/>
        <line num="12" type="stmt" count="0"/>
        <line num="13" type="stmt" count="0"/>
        <line num="20" type="method" name="index" visibility="public" complexity="1" crap="2.00" count="0"/>
        <line num="22" type="stmt" count="0"/>
        <metrics loc="24" ncloc="19" classes="1" methods="2" coveredmethods="0" conditionals="0" coveredconditionals="0" statements="3" coveredstatements="0" elements="5" coveredelements="0"/>
      </file>
    </package>
    <package name="Genusshaus\Http\Controllers\Moderators\Places\Dashboard">
      <file name="/home/vagrant/smartgate/do.genusshaus/app/Http/Controllers/Moderators/Places/Dashboard/DashboardController.php">
        <class name="Genusshaus\Http\Controllers\Moderators\Places\Dashboard\DashboardController" namespace="Genusshaus\Http\Controllers\Moderators\Places\Dashboard">
          <metrics complexity="2" methods="2" coveredmethods="0" conditionals="0" coveredconditionals="0" statements="3" coveredstatements="0" elements="5" coveredelements="0"/>
        </class>
        <line num="10" type="method" name="__construct" visibility="public" complexity="1" crap="2.00" count="0"/>
        <line num="12" type="stmt" count="0"/>
        <line num="13" type="stmt" count="0"/>
        <line num="20" type="method" name="index" visibility="public" complexity="1" crap="2.00" count="0"/>
        <line num="22" type="stmt" count="0"/>
        <metrics loc="24" ncloc="19" classes="1" methods="2" coveredmethods="0" conditionals="0" coveredconditionals="0" statements="3" coveredstatements="0" elements="5" coveredelements="0"/>
      </file>
    </package>
    <package name="Genusshaus\Http\Controllers\Moderators\Places\Information">
      <file name="/home/vagrant/smartgate/do.genusshaus/app/Http/Controllers/Moderators/Places/Information/InformationController.php">
        <class name="Genusshaus\Http\Controllers\Moderators\Places\Information\InformationController" namespace="Genusshaus\Http\Controllers\Moderators\Places\Information">
          <metrics complexity="2" methods="2" coveredmethods="0" conditionals="0" coveredconditionals="0" statements="3" coveredstatements="0" elements="5" coveredelements="0"/>
        </class>
        <line num="10" type="method" name="__construct" visibility="public" complexity="1" crap="2.00" count="0"/>
        <line num="12" type="stmt" count="0"/>
        <line num="13" type="stmt" count="0"/>
        <line num="20" type="method" name="index" visibility="public" complexity="1" crap="2.00" count="0"/>
        <line num="22" type="stmt" count="0"/>
        <metrics loc="24" ncloc="19" classes="1" methods="2" coveredmethods="0" conditionals="0" coveredconditionals="0" statements="3" coveredstatements="0" elements="5" coveredelements="0"/>
      </file>
    </package>
    <package name="Genusshaus\Http\Controllers\Moderators\Places\Location">
      <file name="/home/vagrant/smartgate/do.genusshaus/app/Http/Controllers/Moderators/Places/Location/LocationController.php">
        <class name="Genusshaus\Http\Controllers\Moderators\Places\Location\LocationController" namespace="Genusshaus\Http\Controllers\Moderators\Places\Location">
          <metrics complexity="4" methods="3" coveredmethods="0" conditionals="0" coveredconditionals="0" statements="14" coveredstatements="0" elements="17" coveredelements="0"/>
        </class>
        <line num="11" type="method" name="__construct" visibility="public" complexity="1" crap="2.00" count="0"/>
        <line num="13" type="stmt" count="0"/>
        <line num="14" type="stmt" count="0"/>
        <line num="21" type="method" name="index" visibility="public" complexity="1" crap="2.00" count="0"/>
        <line num="23" type="stmt" count="0"/>
        <line num="26" type="method" name="update" visibility="public" complexity="2" crap="6.00" count="0"/>
        <line num="28" type="stmt" count="0"/>
        <line num="30" type="stmt" count="0"/>
        <line num="31" type="stmt" count="0"/>
        <line num="33" type="stmt" count="0"/>
        <line num="35" type="stmt" count="0"/>
        <line num="36" type="stmt" count="0"/>
        <line num="37" type="stmt" count="0"/>
        <line num="38" type="stmt" count="0"/>
        <line num="39" type="stmt" count="0"/>
        <line num="40" type="stmt" count="0"/>
        <line num="43" type="stmt" count="0"/>
        <metrics loc="45" ncloc="40" classes="1" methods="3" coveredmethods="0" conditionals="0" coveredconditionals="0" statements="14" coveredstatements="0" elements="17" coveredelements="0"/>
      </file>
    </package>
    <package name="Genusshaus\Http\Controllers\Moderators\Places">
      <file name="/home/vagrant/smartgate/do.genusshaus/app/Http/Controllers/Moderators/Places/PlacesController.php">
        <class name="Genusshaus\Http\Controllers\Moderators\Places\PlacesController" namespace="Genusshaus\Http\Controllers\Moderators\Places">
          <metrics complexity="6" methods="5" coveredmethods="0" conditionals="0" coveredconditionals="0" statements="22" coveredstatements="0" elements="27" coveredelements="0"/>
        </class>
        <line num="12" type="method" name="__construct" visibility="public" complexity="1" crap="2.00" count="0"/>
        <line num="14" type="stmt" count="0"/>
        <line num="16" type="stmt" count="0"/>
        <line num="17" type="stmt" count="0"/>
        <line num="24" type="method" name="index" visibility="public" complexity="1" crap="2.00" count="0"/>
        <line num="26" type="stmt" count="0"/>
        <line num="28" type="stmt" count="0"/>
        <line num="31" type="method" name="create" visibility="public" complexity="1" crap="2.00" count="0"/>
        <line num="33" type="stmt" count="0"/>
        <line num="35" type="stmt" count="0"/>
        <line num="38" type="method" name="store" visibility="public" complexity="2" crap="6.00" count="0"/>
        <line num="40" type="stmt" count="0"/>
        <line num="42" type="stmt" count="0"/>
        <line num="43" type="stmt" count="0"/>
        <line num="46" type="stmt" count="0"/>
        <line num="48" type="stmt" count="0"/>
        <line num="50" type="stmt" count="0"/>
        <line num="52" type="stmt" count="0"/>
        <line num="54" type="stmt" count="0"/>
        <line num="56" type="stmt" count="0"/>
        <line num="57" type="stmt" count="0"/>
        <line num="58" type="stmt" count="0"/>
        <line num="59" type="stmt" count="0"/>
        <line num="60" type="stmt" count="0"/>
        <line num="67" type="stmt" count="0"/>
        <line num="70" type="method" name="edit" visibility="public" complexity="1" crap="2.00" count="0"/>
        <line num="72" type="stmt" count="0"/>
        <metrics loc="74" ncloc="69" classes="1" methods="5" coveredmethods="0" conditionals="0" coveredconditionals="0" statements="22" coveredstatements="0" elements="27" coveredelements="0"/>
      </file>
    </package>
    <package name="Genusshaus\Http\Controllers\Moderators\Places\Settings">
      <file name="/home/vagrant/smartgate/do.genusshaus/app/Http/Controllers/Moderators/Places/Settings/SettingsController.php">
        <class name="Genusshaus\Http\Controllers\Moderators\Places\Settings\SettingsController" namespace="Genusshaus\Http\Controllers\Moderators\Places\Settings">
          <metrics complexity="10" methods="8" coveredmethods="0" conditionals="0" coveredconditionals="0" statements="28" coveredstatements="0" elements="36" coveredelements="0"/>
        </class>
        <line num="10" type="method" name="__construct" visibility="public" complexity="1" crap="2.00" count="0"/>
        <line num="12" type="stmt" count="0"/>
        <line num="13" type="stmt" count="0"/>
        <line num="20" type="method" name="index" visibility="public" complexity="1" crap="2.00" count="0"/>
        <line num="22" type="stmt" count="0"/>
        <line num="25" type="method" name="publish" visibility="public" complexity="2" crap="6.00" count="0"/>
        <line num="27" type="stmt" count="0"/>
        <line num="28" type="stmt" count="0"/>
        <line num="29" type="stmt" count="0"/>
        <line num="36" type="stmt" count="0"/>
        <line num="39" type="method" name="type" visibility="public" complexity="2" crap="6.00" count="0"/>
        <line num="41" type="stmt" count="0"/>
        <line num="42" type="stmt" count="0"/>
        <line num="43" type="stmt" count="0"/>
        <line num="45" type="stmt" count="0"/>
        <line num="46" type="stmt" count="0"/>
        <line num="49" type="stmt" count="0"/>
        <line num="52" type="method" name="unpublish" visibility="public" complexity="1" crap="2.00" count="0"/>
        <line num="54" type="stmt" count="0"/>
        <line num="55" type="stmt" count="0"/>
        <line num="57" type="stmt" count="0"/>
        <line num="60" type="method" name="activate" visibility="public" complexity="1" crap="2.00" count="0"/>
        <line num="62" type="stmt" count="0"/>
        <line num="63" type="stmt" count="0"/>
        <line num="65" type="stmt" count="0"/>
        <line num="68" type="method" name="deactivate" visibility="public" complexity="1" crap="2.00" count="0"/>
        <line num="70" type="stmt" count="0"/>
        <line num="71" type="stmt" count="0"/>
        <line num="73" type="stmt" count="0"/>
        <line num="75" type="stmt" count="0"/>
        <line num="78" type="method" name="delete" visibility="public" complexity="1" crap="2.00" count="0"/>
        <line num="80" type="stmt" count="0"/>
        <line num="81" type="stmt" count="0"/>
        <line num="82" type="stmt" count="0"/>
        <line num="84" type="stmt" count="0"/>
        <line num="86" type="stmt" count="0"/>
        <metrics loc="88" ncloc="80" classes="1" methods="8" coveredmethods="0" conditionals="0" coveredconditionals="0" statements="28" coveredstatements="0" elements="36" coveredelements="0"/>
      </file>
    </package>
    <package name="Genusshaus\Http\Controllers\Moderators\Places\Tags">
      <file name="/home/vagrant/smartgate/do.genusshaus/app/Http/Controllers/Moderators/Places/Tags/TagsController.php">
        <class name="Genusshaus\Http\Controllers\Moderators\Places\Tags\TagsController" namespace="Genusshaus\Http\Controllers\Moderators\Places\Tags">
          <metrics complexity="7" methods="3" coveredmethods="0" conditionals="0" coveredconditionals="0" statements="15" coveredstatements="0" elements="18" coveredelements="0"/>
        </class>
        <line num="12" type="method" name="__construct" visibility="public" complexity="1" crap="2.00" count="0"/>
        <line num="14" type="stmt" count="0"/>
        <line num="15" type="stmt" count="0"/>
        <line num="22" type="method" name="index" visibility="public" complexity="1" crap="2.00" count="0"/>
        <line num="24" type="stmt" count="0"/>
        <line num="26" type="stmt" count="0"/>
        <line num="29" type="method" name="update" visibility="public" complexity="5" crap="30.00" count="0"/>
        <line num="31" type="stmt" count="0"/>
        <line num="32" type="stmt" count="0"/>
        <line num="35" type="stmt" count="0"/>
        <line num="36" type="stmt" count="0"/>
        <line num="37" type="stmt" count="0"/>
        <line num="38" type="stmt" count="0"/>
        <line num="39" type="stmt" count="0"/>
        <line num="41" type="stmt" count="0"/>
        <line num="42" type="stmt" count="0"/>
        <line num="43" type="stmt" count="0"/>
        <line num="48" type="stmt" count="0"/>
        <metrics loc="50" ncloc="45" classes="1" methods="3" coveredmethods="0" conditionals="0" coveredconditionals="0" statements="15" coveredstatements="0" elements="18" coveredelements="0"/>
      </file>
    </package>
    <package name="Genusshaus\Http\Controllers\Moderators\Places\Users">
      <file name="/home/vagrant/smartgate/do.genusshaus/app/Http/Controllers/Moderators/Places/Users/UsersController.php">
        <class name="Genusshaus\Http\Controllers\Moderators\Places\Users\UsersController" namespace="Genusshaus\Http\Controllers\Moderators\Places\Users">
          <metrics complexity="6" methods="5" coveredmethods="0" conditionals="0" coveredconditionals="0" statements="23" coveredstatements="0" elements="28" coveredelements="0"/>
        </class>
        <line num="16" type="method" name="__construct" visibility="public" complexity="1" crap="2.00" count="0"/>
        <line num="18" type="stmt" count="0"/>
        <line num="19" type="stmt" count="0"/>
        <line num="26" type="method" name="index" visibility="public" complexity="1" crap="2.00" count="0"/>
        <line num="28" type="stmt" count="0"/>
        <line num="30" type="stmt" count="0"/>
        <line num="33" type="method" name="invite" visibility="public" complexity="1" crap="2.00" count="0"/>
        <line num="35" type="stmt" count="0"/>
        <line num="37" type="stmt" count="0"/>
        <line num="40" type="method" name="create" visibility="public" complexity="1" crap="2.00" count="0"/>
        <line num="42" type="stmt" count="0"/>
        <line num="44" type="stmt" count="0"/>
        <line num="47" type="method" name="store" visibility="public" complexity="2" crap="6.00" count="0"/>
        <line num="49" type="stmt" count="0"/>
        <line num="51" type="stmt" count="0"/>
        <line num="52" type="stmt" count="0"/>
        <line num="53" type="stmt" count="0"/>
        <line num="54" type="stmt" count="0"/>
        <line num="55" type="stmt" count="0"/>
        <line num="56" type="stmt" count="0"/>
        <line num="57" type="stmt" count="0"/>
        <line num="58" type="stmt" count="0"/>
        <line num="60" type="stmt" count="0"/>
        <line num="62" type="stmt" count="0"/>
        <line num="64" type="stmt" count="0"/>
        <line num="65" type="stmt" count="0"/>
        <line num="67" type="stmt" count="0"/>
        <line num="70" type="stmt" count="0"/>
        <metrics loc="72" ncloc="67" classes="1" methods="5" coveredmethods="0" conditionals="0" coveredconditionals="0" statements="23" coveredstatements="0" elements="28" coveredelements="0"/>
      </file>
    </package>
    <package name="Genusshaus\Http\Controllers\Moderators\Regions">
      <file name="/home/vagrant/smartgate/do.genusshaus/app/Http/Controllers/Moderators/Regions/RegionsController.php">
        <class name="Genusshaus\Http\Controllers\Moderators\Regions\RegionsController" namespace="Genusshaus\Http\Controllers\Moderators\Regions">
          <metrics complexity="2" methods="2" coveredmethods="0" conditionals="0" coveredconditionals="0" statements="4" coveredstatements="0" elements="6" coveredelements="0"/>
        </class>
        <line num="10" type="method" name="__construct" visibility="public" complexity="1" crap="2.00" count="0"/>
        <line num="12" type="stmt" count="0"/>
        <line num="13" type="stmt" count="0"/>
        <line num="15" type="method" name="index" visibility="public" complexity="1" crap="2.00" count="0"/>
        <line num="17" type="stmt" count="0"/>
        <line num="19" type="stmt" count="0"/>
        <metrics loc="21" ncloc="21" classes="1" methods="2" coveredmethods="0" conditionals="0" coveredconditionals="0" statements="4" coveredstatements="0" elements="6" coveredelements="0"/>
      </file>
    </package>
    <package name="Genusshaus\Http\Controllers\Places\Contacts">
      <file name="/home/vagrant/smartgate/do.genusshaus/app/Http/Controllers/Places/Contacts/ContactsController.php">
        <class name="Genusshaus\Http\Controllers\Places\Contacts\ContactsController" namespace="Genusshaus\Http\Controllers\Places\Contacts">
          <metrics complexity="3" methods="3" coveredmethods="0" conditionals="0" coveredconditionals="0" statements="14" coveredstatements="0" elements="17" coveredelements="0"/>
        </class>
        <line num="11" type="method" name="__construct" visibility="public" complexity="1" crap="2.00" count="0"/>
        <line num="13" type="stmt" count="0"/>
        <line num="14" type="stmt" count="0"/>
        <line num="16" type="method" name="index" visibility="public" complexity="1" crap="2.00" count="0"/>
        <line num="18" type="stmt" count="0"/>
        <line num="20" type="stmt" count="0"/>
        <line num="23" type="method" name="update" visibility="public" complexity="1" crap="2.00" count="0"/>
        <line num="25" type="stmt" count="0"/>
        <line num="27" type="stmt" count="0"/>
        <line num="28" type="stmt" count="0"/>
        <line num="29" type="stmt" count="0"/>
        <line num="30" type="stmt" count="0"/>
        <line num="31" type="stmt" count="0"/>
        <line num="32" type="stmt" count="0"/>
        <line num="33" type="stmt" count="0"/>
        <line num="34" type="stmt" count="0"/>
        <line num="37" type="stmt" count="0"/>
        <metrics loc="39" ncloc="39" classes="1" methods="3" coveredmethods="0" conditionals="0" coveredconditionals="0" statements="14" coveredstatements="0" elements="17" coveredelements="0"/>
      </file>
    </package>
    <package name="Genusshaus\Http\Controllers\Places\Dashboard">
      <file name="/home/vagrant/smartgate/do.genusshaus/app/Http/Controllers/Places/Dashboard/DashboardController.php">
        <class name="Genusshaus\Http\Controllers\Places\Dashboard\DashboardController" namespace="Genusshaus\Http\Controllers\Places\Dashboard">
          <metrics complexity="2" methods="2" coveredmethods="0" conditionals="0" coveredconditionals="0" statements="3" coveredstatements="0" elements="5" coveredelements="0"/>
        </class>
        <line num="10" type="method" name="__construct" visibility="public" complexity="1" crap="2.00" count="0"/>
        <line num="12" type="stmt" count="0"/>
        <line num="13" type="stmt" count="0"/>
        <line num="15" type="method" name="index" visibility="public" complexity="1" crap="2.00" count="0"/>
        <line num="17" type="stmt" count="0"/>
        <metrics loc="19" ncloc="19" classes="1" methods="2" coveredmethods="0" conditionals="0" coveredconditionals="0" statements="3" coveredstatements="0" elements="5" coveredelements="0"/>
      </file>
    </package>
    <package name="Genusshaus\Http\Controllers\Places\Events">
      <file name="/home/vagrant/smartgate/do.genusshaus/app/Http/Controllers/Places/Events/EventsController.php">
        <class name="Genusshaus\Http\Controllers\Places\Events\EventsController" namespace="Genusshaus\Http\Controllers\Places\Events">
          <metrics complexity="17" methods="13" coveredmethods="0" conditionals="0" coveredconditionals="0" statements="57" coveredstatements="0" elements="70" coveredelements="0"/>
        </class>
        <line num="14" type="method" name="__construct" visibility="public" complexity="1" crap="2.00" count="0"/>
        <line num="16" type="stmt" count="0"/>
        <line num="17" type="stmt" count="0"/>
        <line num="19" type="method" name="index" visibility="public" complexity="1" crap="2.00" count="0"/>
        <line num="21" type="stmt" count="0"/>
        <line num="23" type="stmt" count="0"/>
        <line num="26" type="method" name="push" visibility="public" complexity="1" crap="2.00" count="0"/>
        <line num="28" type="stmt" count="0"/>
        <line num="31" type="method" name="create" visibility="public" complexity="1" crap="2.00" count="0"/>
        <line num="33" type="stmt" count="0"/>
        <line num="36" type="method" name="edit" visibility="public" complexity="1" crap="2.00" count="0"/>
        <line num="38" type="stmt" count="0"/>
        <line num="41" type="method" name="store" visibility="public" complexity="1" crap="2.00" count="0"/>
        <line num="43" type="stmt" count="0"/>
        <line num="44" type="stmt" count="0"/>
        <line num="45" type="stmt" count="0"/>
        <line num="46" type="stmt" count="0"/>
        <line num="49" type="stmt" count="0"/>
        <line num="51" type="stmt" count="0"/>
        <line num="52" type="stmt" count="0"/>
        <line num="53" type="stmt" count="0"/>
[...]
        <line num="16" type="stmt" count="0"/>
        <line num="24" type="method" name="rules" visibility="public" complexity="1" crap="2.00" count="0"/>
        <line num="27" type="stmt" count="0"/>
        <metrics loc="30" ncloc="20" classes="1" methods="2" coveredmethods="0" conditionals="0" coveredconditionals="0" statements="2" coveredstatements="0" elements="4" coveredelements="0"/>
      </file>
      <file name="/home/vagrant/smartgate/do.genusshaus/app/Http/Requests/Moderators/Places/Users/StoreInvitationsRequest.php">
        <class name="Genusshaus\Http\Requests\Moderators\Places\Users\StoreInvitationsRequest" namespace="Genusshaus\Http\Requests\Moderators\Places\Users">
          <metrics complexity="2" methods="2" coveredmethods="0" conditionals="0" coveredconditionals="0" statements="2" coveredstatements="0" elements="4" coveredelements="0"/>
        </class>
        <line num="14" type="method" name="authorize" visibility="public" complexity="1" crap="2.00" count="0"/>
        <line num="16" type="stmt" count="0"/>
        <line num="24" type="method" name="rules" visibility="public" complexity="1" crap="2.00" count="0"/>
        <line num="27" type="stmt" count="0"/>
        <metrics loc="31" ncloc="21" classes="1" methods="2" coveredmethods="0" conditionals="0" coveredconditionals="0" statements="2" coveredstatements="0" elements="4" coveredelements="0"/>
      </file>
    </package>
    <package name="Genusshaus\Http\Requests\Places\Contacts">
      <file name="/home/vagrant/smartgate/do.genusshaus/app/Http/Requests/Places/Contacts/StoreContactsRequest.php">
        <class name="Genusshaus\Http\Requests\Places\Contacts\StoreContactsRequest" namespace="Genusshaus\Http\Requests\Places\Contacts">
          <metrics complexity="2" methods="2" coveredmethods="0" conditionals="0" coveredconditionals="0" statements="2" coveredstatements="0" elements="4" coveredelements="0"/>
        </class>
        <line num="14" type="method" name="authorize" visibility="public" complexity="1" crap="2.00" count="0"/>
        <line num="16" type="stmt" count="0"/>
        <line num="24" type="method" name="rules" visibility="public" complexity="1" crap="2.00" count="0"/>
        <line num="27" type="stmt" count="0"/>
        <metrics loc="36" ncloc="26" classes="1" methods="2" coveredmethods="0" conditionals="0" coveredconditionals="0" statements="2" coveredstatements="0" elements="4" coveredelements="0"/>
      </file>
    </package>
    <package name="Genusshaus\Http\Requests\Places\Events">
      <file name="/home/vagrant/smartgate/do.genusshaus/app/Http/Requests/Places/Events/StoreEventsRequest.php">
        <class name="Genusshaus\Http\Requests\Places\Events\StoreEventsRequest" namespace="Genusshaus\Http\Requests\Places\Events">
          <metrics complexity="2" methods="2" coveredmethods="0" conditionals="0" coveredconditionals="0" statements="5" coveredstatements="0" elements="7" coveredelements="0"/>
        </class>
        <line num="15" type="method" name="authorize" visibility="public" complexity="1" crap="2.00" count="0"/>
        <line num="17" type="stmt" count="0"/>
        <line num="25" type="method" name="rules" visibility="public" complexity="1" crap="2.00" count="0"/>
        <line num="28" type="stmt" count="0"/>
        <line num="29" type="stmt" count="0"/>
        <line num="30" type="stmt" count="0"/>
        <line num="31" type="stmt" count="0"/>
        <metrics loc="34" ncloc="24" classes="1" methods="2" coveredmethods="0" conditionals="0" coveredconditionals="0" statements="5" coveredstatements="0" elements="7" coveredelements="0"/>
      </file>
      <file name="/home/vagrant/smartgate/do.genusshaus/app/Http/Requests/Places/Events/UpdateEventsRequest.php">
        <class name="Genusshaus\Http\Requests\Places\Events\UpdateEventsRequest" namespace="Genusshaus\Http\Requests\Places\Events">
          <metrics complexity="2" methods="2" coveredmethods="0" conditionals="0" coveredconditionals="0" statements="2" coveredstatements="0" elements="4" coveredelements="0"/>
        </class>
        <line num="14" type="method" name="authorize" visibility="public" complexity="1" crap="2.00" count="0"/>
        <line num="16" type="stmt" count="0"/>
        <line num="24" type="method" name="rules" visibility="public" complexity="1" crap="2.00" count="0"/>
        <line num="27" type="stmt" count="0"/>
        <metrics loc="32" ncloc="22" classes="1" methods="2" coveredmethods="0" conditionals="0" coveredconditionals="0" statements="2" coveredstatements="0" elements="4" coveredelements="0"/>
      </file>
    </package>
    <package name="Genusshaus\Http\Requests\Places\Information">
      <file name="/home/vagrant/smartgate/do.genusshaus/app/Http/Requests/Places/Information/UpdateInformationRequest.php">
        <class name="Genusshaus\Http\Requests\Places\Information\UpdateInformationRequest" namespace="Genusshaus\Http\Requests\Places\Information">
          <metrics complexity="2" methods="2" coveredmethods="0" conditionals="0" coveredconditionals="0" statements="2" coveredstatements="0" elements="4" coveredelements="0"/>
        </class>
        <line num="14" type="method" name="authorize" visibility="public" complexity="1" crap="2.00" count="0"/>
        <line num="16" type="stmt" count="0"/>
        <line num="24" type="method" name="rules" visibility="public" complexity="1" crap="2.00" count="0"/>
        <line num="27" type="stmt" count="0"/>
        <metrics loc="30" ncloc="20" classes="1" methods="2" coveredmethods="0" conditionals="0" coveredconditionals="0" statements="2" coveredstatements="0" elements="4" coveredelements="0"/>
      </file>
    </package>
    <package name="Genusshaus\Http\Requests\Places\Medias">
      <file name="/home/vagrant/smartgate/do.genusshaus/app/Http/Requests/Places/Medias/StoreMediasRequest.php">
        <class name="Genusshaus\Http\Requests\Places\Medias\StoreMediasRequest" namespace="Genusshaus\Http\Requests\Places\Medias">
          <metrics complexity="2" methods="2" coveredmethods="0" conditionals="0" coveredconditionals="0" statements="3" coveredstatements="0" elements="5" coveredelements="0"/>
        </class>
        <line num="14" type="method" name="authorize" visibility="public" complexity="1" crap="2.00" count="0"/>
        <line num="16" type="stmt" count="0"/>
        <line num="24" type="method" name="rules" visibility="public" complexity="1" crap="2.00" count="0"/>
        <line num="26" type="stmt" count="0"/>
        <line num="29" type="stmt" count="0"/>
        <metrics loc="32" ncloc="22" classes="1" methods="2" coveredmethods="0" conditionals="0" coveredconditionals="0" statements="3" coveredstatements="0" elements="5" coveredelements="0"/>
      </file>
    </package>
    <package name="Genusshaus\Http\Requests\Places\OpeningHours">
      <file name="/home/vagrant/smartgate/do.genusshaus/app/Http/Requests/Places/OpeningHours/StoreOpeningHoursRequest.php">
        <class name="Genusshaus\Http\Requests\Places\OpeningHours\StoreOpeningHoursRequest" namespace="Genusshaus\Http\Requests\Places\OpeningHours">
          <metrics complexity="2" methods="2" coveredmethods="0" conditionals="0" coveredconditionals="0" statements="2" coveredstatements="0" elements="4" coveredelements="0"/>
        </class>
        <line num="14" type="method" name="authorize" visibility="public" complexity="1" crap="2.00" count="0"/>
        <line num="16" type="stmt" count="0"/>
        <line num="24" type="method" name="rules" visibility="public" complexity="1" crap="2.00" count="0"/>
        <line num="27" type="stmt" count="0"/>
        <metrics loc="32" ncloc="22" classes="1" methods="2" coveredmethods="0" conditionals="0" coveredconditionals="0" statements="2" coveredstatements="0" elements="4" coveredelements="0"/>
      </file>
    </package>
    <package name="Genusshaus\Http\Requests\Places\Places">
      <file name="/home/vagrant/smartgate/do.genusshaus/app/Http/Requests/Places/Places/StorePlacesRequest.php">
        <class name="Genusshaus\Http\Requests\Places\Places\StorePlacesRequest" namespace="Genusshaus\Http\Requests\Places\Places">
          <metrics complexity="2" methods="2" coveredmethods="0" conditionals="0" coveredconditionals="0" statements="2" coveredstatements="0" elements="4" coveredelements="0"/>
        </class>
        <line num="14" type="method" name="authorize" visibility="public" complexity="1" crap="2.00" count="0"/>
        <line num="16" type="stmt" count="0"/>
        <line num="24" type="method" name="rules" visibility="public" complexity="1" crap="2.00" count="0"/>
        <line num="27" type="stmt" count="0"/>
        <metrics loc="32" ncloc="22" classes="1" methods="2" coveredmethods="0" conditionals="0" coveredconditionals="0" statements="2" coveredstatements="0" elements="4" coveredelements="0"/>
      </file>
    </package>
    <package name="Genusshaus\Http\Requests\Places\Posts">
      <file name="/home/vagrant/smartgate/do.genusshaus/app/Http/Requests/Places/Posts/StorePostsRequest.php">
        <class name="Genusshaus\Http\Requests\Places\Posts\StorePostsRequest" namespace="Genusshaus\Http\Requests\Places\Posts">
          <metrics complexity="2" methods="2" coveredmethods="0" conditionals="0" coveredconditionals="0" statements="2" coveredstatements="0" elements="4" coveredelements="0"/>
        </class>
        <line num="14" type="method" name="authorize" visibility="public" complexity="1" crap="2.00" count="0"/>
        <line num="16" type="stmt" count="0"/>
        <line num="24" type="method" name="rules" visibility="public" complexity="1" crap="2.00" count="0"/>
        <line num="27" type="stmt" count="0"/>
        <metrics loc="35" ncloc="25" classes="1" methods="2" coveredmethods="0" conditionals="0" coveredconditionals="0" statements="2" coveredstatements="0" elements="4" coveredelements="0"/>
      </file>
      <file name="/home/vagrant/smartgate/do.genusshaus/app/Http/Requests/Places/Posts/UpdatePostsRequest.php">
        <class name="Genusshaus\Http\Requests\Places\Posts\UpdatePostsRequest" namespace="Genusshaus\Http\Requests\Places\Posts">
          <metrics complexity="2" methods="2" coveredmethods="0" conditionals="0" coveredconditionals="0" statements="2" coveredstatements="0" elements="4" coveredelements="0"/>
        </class>
        <line num="14" type="method" name="authorize" visibility="public" complexity="1" crap="2.00" count="0"/>
        <line num="16" type="stmt" count="0"/>
        <line num="24" type="method" name="rules" visibility="public" complexity="1" crap="2.00" count="0"/>
        <line num="27" type="stmt" count="0"/>
        <metrics loc="34" ncloc="24" classes="1" methods="2" coveredmethods="0" conditionals="0" coveredconditionals="0" statements="2" coveredstatements="0" elements="4" coveredelements="0"/>
      </file>
    </package>
    <package name="Genusshaus\Http\Requests\Places\Regions">
      <file name="/home/vagrant/smartgate/do.genusshaus/app/Http/Requests/Places/Regions/StoreRegionsRequest.php">
        <class name="Genusshaus\Http\Requests\Places\Regions\StoreRegionsRequest" namespace="Genusshaus\Http\Requests\Places\Regions">
          <metrics complexity="2" methods="2" coveredmethods="0" conditionals="0" coveredconditionals="0" statements="2" coveredstatements="0" elements="4" coveredelements="0"/>
        </class>
        <line num="14" type="method" name="authorize" visibility="public" complexity="1" crap="2.00" count="0"/>
        <line num="16" type="stmt" count="0"/>
        <line num="24" type="method" name="rules" visibility="public" complexity="1" crap="2.00" count="0"/>
        <line num="27" type="stmt" count="0"/>
        <metrics loc="30" ncloc="20" classes="1" methods="2" coveredmethods="0" conditionals="0" coveredconditionals="0" statements="2" coveredstatements="0" elements="4" coveredelements="0"/>
      </file>
    </package>
    <package name="Genusshaus\Http\Requests\Supporters">
      <file name="/home/vagrant/smartgate/do.genusshaus/app/Http/Requests/Supporters/StartImpersonateRequest.php">
        <class name="Genusshaus\Http\Requests\Supporters\StartImpersonateRequest" namespace="Genusshaus\Http\Requests\Supporters">
          <metrics complexity="3" methods="2" coveredmethods="0" conditionals="0" coveredconditionals="0" statements="3" coveredstatements="0" elements="5" coveredelements="0"/>
        </class>
        <line num="15" type="method" name="authorize" visibility="public" complexity="1" crap="2.00" count="0"/>
        <line num="17" type="stmt" count="0"/>
        <line num="29" type="method" name="anonymousFunction:29#102" complexity="1" crap="2.00" count="0"/>
        <line num="30" type="stmt" count="0"/>
        <line num="31" type="stmt" count="0"/>
        <metrics loc="35" ncloc="25" classes="1" methods="2" coveredmethods="0" conditionals="0" coveredconditionals="0" statements="3" coveredstatements="0" elements="5" coveredelements="0"/>
      </file>
    </package>
    <package name="Genusshaus\Http\Requests\Users\Profile">
      <file name="/home/vagrant/smartgate/do.genusshaus/app/Http/Requests/Users/Profile/UpdatePasswordRequest.php">
        <class name="Genusshaus\Http\Requests\Users\Profile\UpdatePasswordRequest" namespace="Genusshaus\Http\Requests\Users\Profile">
          <metrics complexity="2" methods="2" coveredmethods="0" conditionals="0" coveredconditionals="0" statements="2" coveredstatements="0" elements="4" coveredelements="0"/>
        </class>
        <line num="14" type="method" name="authorize" visibility="public" complexity="1" crap="2.00" count="0"/>
        <line num="16" type="stmt" count="0"/>
        <line num="24" type="method" name="rules" visibility="public" complexity="1" crap="2.00" count="0"/>
        <line num="27" type="stmt" count="0"/>
        <metrics loc="30" ncloc="20" classes="1" methods="2" coveredmethods="0" conditionals="0" coveredconditionals="0" statements="2" coveredstatements="0" elements="4" coveredelements="0"/>
      </file>
      <file name="/home/vagrant/smartgate/do.genusshaus/app/Http/Requests/Users/Profile/UpdateProfileRequest.php">
        <class name="Genusshaus\Http\Requests\Users\Profile\UpdateProfileRequest" namespace="Genusshaus\Http\Requests\Users\Profile">
          <metrics complexity="2" methods="2" coveredmethods="0" conditionals="0" coveredconditionals="0" statements="4" coveredstatements="0" elements="6" coveredelements="0"/>
        </class>
        <line num="15" type="method" name="authorize" visibility="public" complexity="1" crap="2.00" count="0"/>
        <line num="17" type="stmt" count="0"/>
        <line num="25" type="method" name="rules" visibility="public" complexity="1" crap="2.00" count="0"/>
        <line num="27" type="stmt" count="0"/>
        <line num="30" type="stmt" count="0"/>
        <line num="31" type="stmt" count="0"/>
        <metrics loc="34" ncloc="24" classes="1" methods="2" coveredmethods="0" conditionals="0" coveredconditionals="0" statements="4" coveredstatements="0" elements="6" coveredelements="0"/>
      </file>
    </package>
    <package name="Genusshaus\Http\Requests\Users\Support">
      <file name="/home/vagrant/smartgate/do.genusshaus/app/Http/Requests/Users/Support/SendSupportRequest.php">
        <class name="Genusshaus\Http\Requests\Users\Support\SendSupportRequest" namespace="Genusshaus\Http\Requests\Users\Support">
          <metrics complexity="2" methods="2" coveredmethods="0" conditionals="0" coveredconditionals="0" statements="2" coveredstatements="0" elements="4" coveredelements="0"/>
        </class>
        <line num="14" type="method" name="authorize" visibility="public" complexity="1" crap="2.00" count="0"/>
        <line num="16" type="stmt" count="0"/>
        <line num="24" type="method" name="rules" visibility="public" complexity="1" crap="2.00" count="0"/>
        <line num="27" type="stmt" count="0"/>
        <metrics loc="31" ncloc="21" classes="1" methods="2" coveredmethods="0" conditionals="0" coveredconditionals="0" statements="2" coveredstatements="0" elements="4" coveredelements="0"/>
      </file>
    </package>
    <package name="Genusshaus\Http\Requests\Webhooks">
      <file name="/home/vagrant/smartgate/do.genusshaus/app/Http/Requests/Webhooks/InvitationsJoinRequest.php">
        <class name="Genusshaus\Http\Requests\Webhooks\InvitationsJoinRequest" namespace="Genusshaus\Http\Requests\Webhooks">
          <metrics complexity="2" methods="2" coveredmethods="0" conditionals="0" coveredconditionals="0" statements="2" coveredstatements="0" elements="4" coveredelements="0"/>
        </class>
        <line num="14" type="method" name="authorize" visibility="public" complexity="1" crap="2.00" count="0"/>
        <line num="16" type="stmt" count="0"/>
        <line num="24" type="method" name="rules" visibility="public" complexity="1" crap="2.00" count="0"/>
        <line num="27" type="stmt" count="0"/>
        <metrics loc="31" ncloc="21" classes="1" methods="2" coveredmethods="0" conditionals="0" coveredconditionals="0" statements="2" coveredstatements="0" elements="4" coveredelements="0"/>
      </file>
      <file name="/home/vagrant/smartgate/do.genusshaus/app/Http/Requests/Webhooks/InvitationsRegisterRequest.php">
        <class name="Genusshaus\Http\Requests\Webhooks\InvitationsRegisterRequest" namespace="Genusshaus\Http\Requests\Webhooks">
          <metrics complexity="2" methods="2" coveredmethods="0" conditionals="0" coveredconditionals="0" statements="2" coveredstatements="0" elements="4" coveredelements="0"/>
        </class>
        <line num="14" type="method" name="authorize" visibility="public" complexity="1" crap="2.00" count="0"/>
        <line num="16" type="stmt" count="0"/>
        <line num="24" type="method" name="rules" visibility="public" complexity="1" crap="2.00" count="0"/>
        <line num="27" type="stmt" count="0"/>
        <metrics loc="31" ncloc="21" classes="1" methods="2" coveredmethods="0" conditionals="0" coveredconditionals="0" statements="2" coveredstatements="0" elements="4" coveredelements="0"/>
      </file>
      <file name="/home/vagrant/smartgate/do.genusshaus/app/Http/Requests/Webhooks/InvitationsStorePasswordRequest.php">
        <class name="Genusshaus\Http\Requests\Webhooks\InvitationsStorePasswordRequest" namespace="Genusshaus\Http\Requests\Webhooks">
          <metrics complexity="2" methods="2" coveredmethods="0" conditionals="0" coveredconditionals="0" statements="2" coveredstatements="0" elements="4" coveredelements="0"/>
        </class>
        <line num="14" type="method" name="authorize" visibility="public" complexity="1" crap="2.00" count="0"/>
        <line num="16" type="stmt" count="0"/>
        <line num="24" type="method" name="rules" visibility="public" complexity="1" crap="2.00" count="0"/>
        <line num="27" type="stmt" count="0"/>
        <metrics loc="31" ncloc="21" classes="1" methods="2" coveredmethods="0" conditionals="0" coveredconditionals="0" statements="2" coveredstatements="0" elements="4" coveredelements="0"/>
      </file>
    </package>
    <file name="/home/vagrant/smartgate/do.genusshaus/app/helpers.php">
      <line num="6" type="stmt" count="0"/>
      <line num="7" type="stmt" count="0"/>
      <line num="9" type="stmt" count="0"/>
      <line num="15" type="stmt" count="0"/>
      <line num="17" type="stmt" count="0"/>
      <line num="19" type="stmt" count="0"/>
      <metrics loc="21" ncloc="21" classes="0" methods="0" coveredmethods="0" conditionals="0" coveredconditionals="0" statements="6" coveredstatements="0" elements="6" coveredelements="0"/>
    </file>
    <metrics files="109" loc="4340" ncloc="3463" classes="101" methods="277" coveredmethods="41" conditionals="0" coveredconditionals="0" statements="773" coveredstatements="89" elements="1050" coveredelements="130"/>
  </project>
</coverage>
